2023-03-29 13:49:17,406 - __main__ - INFO - use 1 gpus
2023-03-29 13:49:17,406 - __main__ - INFO - args: Namespace(accumulation_steps=1, batch_size=32, checkpoints='./models/CBAM/resnet34', epochs=100, evaluate='F:\\class-test\\models\\CBAM\\resnet34\\models\\latest.pth', input_image_size=224, log='./log/CBAM/resnet34', lr=0.1, milestones=[30, 60, 90], momentum=0.9, network='CBAMresnet34', num_classes=1000, num_workers=8, pretrained=False, print_interval=3000, resume='./checkpoints/latest.pth', seed=0, weight_decay=0.0001)
2023-03-29 13:49:17,407 - __main__ - INFO - start loading data
2023-03-29 13:49:17,407 - __main__ - INFO - finish loading data
2023-03-29 13:49:17,407 - __main__ - INFO - creating model 'CBAMresnet34'
2023-03-29 13:49:17,772 - __main__ - INFO - model: 'CBAMresnet34', flops: 3.682G, params: 21.928M
2023-03-29 13:49:17,772 - __main__ - INFO - conv1.weight,True
2023-03-29 13:49:17,772 - __main__ - INFO - bn1.weight,True
2023-03-29 13:49:17,772 - __main__ - INFO - bn1.bias,True
2023-03-29 13:49:17,772 - __main__ - INFO - layer1.0.conv1.mlp.0.weight,True
2023-03-29 13:49:17,772 - __main__ - INFO - layer1.0.conv1.mlp.2.weight,True
2023-03-29 13:49:17,772 - __main__ - INFO - layer1.0.conv1.spatital.weight,True
2023-03-29 13:49:17,773 - __main__ - INFO - layer1.0.conv1.conv.0.weight,True
2023-03-29 13:49:17,773 - __main__ - INFO - layer1.0.conv1.conv.0.bias,True
2023-03-29 13:49:17,773 - __main__ - INFO - layer1.0.bn1.weight,True
2023-03-29 13:49:17,773 - __main__ - INFO - layer1.0.bn1.bias,True
2023-03-29 13:49:17,773 - __main__ - INFO - layer1.0.conv2.weight,True
2023-03-29 13:49:17,773 - __main__ - INFO - layer1.0.bn2.weight,True
2023-03-29 13:49:17,773 - __main__ - INFO - layer1.0.bn2.bias,True
2023-03-29 13:49:17,773 - __main__ - INFO - layer1.1.conv1.mlp.0.weight,True
2023-03-29 13:49:17,773 - __main__ - INFO - layer1.1.conv1.mlp.2.weight,True
2023-03-29 13:49:17,773 - __main__ - INFO - layer1.1.conv1.spatital.weight,True
2023-03-29 13:49:17,773 - __main__ - INFO - layer1.1.conv1.conv.0.weight,True
2023-03-29 13:49:17,773 - __main__ - INFO - layer1.1.conv1.conv.0.bias,True
2023-03-29 13:49:17,773 - __main__ - INFO - layer1.1.bn1.weight,True
2023-03-29 13:49:17,773 - __main__ - INFO - layer1.1.bn1.bias,True
2023-03-29 13:49:17,774 - __main__ - INFO - layer1.1.conv2.weight,True
2023-03-29 13:49:17,774 - __main__ - INFO - layer1.1.bn2.weight,True
2023-03-29 13:49:17,774 - __main__ - INFO - layer1.1.bn2.bias,True
2023-03-29 13:49:17,774 - __main__ - INFO - layer1.2.conv1.mlp.0.weight,True
2023-03-29 13:49:17,774 - __main__ - INFO - layer1.2.conv1.mlp.2.weight,True
2023-03-29 13:49:17,774 - __main__ - INFO - layer1.2.conv1.spatital.weight,True
2023-03-29 13:49:17,774 - __main__ - INFO - layer1.2.conv1.conv.0.weight,True
2023-03-29 13:49:17,774 - __main__ - INFO - layer1.2.conv1.conv.0.bias,True
2023-03-29 13:49:17,774 - __main__ - INFO - layer1.2.bn1.weight,True
2023-03-29 13:49:17,774 - __main__ - INFO - layer1.2.bn1.bias,True
2023-03-29 13:49:17,774 - __main__ - INFO - layer1.2.conv2.weight,True
2023-03-29 13:49:17,774 - __main__ - INFO - layer1.2.bn2.weight,True
2023-03-29 13:49:17,774 - __main__ - INFO - layer1.2.bn2.bias,True
2023-03-29 13:49:17,774 - __main__ - INFO - layer2.0.conv1.mlp.0.weight,True
2023-03-29 13:49:17,774 - __main__ - INFO - layer2.0.conv1.mlp.2.weight,True
2023-03-29 13:49:17,774 - __main__ - INFO - layer2.0.conv1.spatital.weight,True
2023-03-29 13:49:17,774 - __main__ - INFO - layer2.0.conv1.conv.0.weight,True
2023-03-29 13:49:17,774 - __main__ - INFO - layer2.0.conv1.conv.0.bias,True
2023-03-29 13:49:17,775 - __main__ - INFO - layer2.0.bn1.weight,True
2023-03-29 13:49:17,775 - __main__ - INFO - layer2.0.bn1.bias,True
2023-03-29 13:49:17,775 - __main__ - INFO - layer2.0.conv2.weight,True
2023-03-29 13:49:17,775 - __main__ - INFO - layer2.0.bn2.weight,True
2023-03-29 13:49:17,775 - __main__ - INFO - layer2.0.bn2.bias,True
2023-03-29 13:49:17,775 - __main__ - INFO - layer2.0.downsample.0.weight,True
2023-03-29 13:49:17,775 - __main__ - INFO - layer2.0.downsample.1.weight,True
2023-03-29 13:49:17,775 - __main__ - INFO - layer2.0.downsample.1.bias,True
2023-03-29 13:49:17,775 - __main__ - INFO - layer2.1.conv1.mlp.0.weight,True
2023-03-29 13:49:17,775 - __main__ - INFO - layer2.1.conv1.mlp.2.weight,True
2023-03-29 13:49:17,775 - __main__ - INFO - layer2.1.conv1.spatital.weight,True
2023-03-29 13:49:17,775 - __main__ - INFO - layer2.1.conv1.conv.0.weight,True
2023-03-29 13:49:17,775 - __main__ - INFO - layer2.1.conv1.conv.0.bias,True
2023-03-29 13:49:17,775 - __main__ - INFO - layer2.1.bn1.weight,True
2023-03-29 13:49:17,775 - __main__ - INFO - layer2.1.bn1.bias,True
2023-03-29 13:49:17,775 - __main__ - INFO - layer2.1.conv2.weight,True
2023-03-29 13:49:17,775 - __main__ - INFO - layer2.1.bn2.weight,True
2023-03-29 13:49:17,776 - __main__ - INFO - layer2.1.bn2.bias,True
2023-03-29 13:49:17,776 - __main__ - INFO - layer2.2.conv1.mlp.0.weight,True
2023-03-29 13:49:17,776 - __main__ - INFO - layer2.2.conv1.mlp.2.weight,True
2023-03-29 13:49:17,776 - __main__ - INFO - layer2.2.conv1.spatital.weight,True
2023-03-29 13:49:17,776 - __main__ - INFO - layer2.2.conv1.conv.0.weight,True
2023-03-29 13:49:17,776 - __main__ - INFO - layer2.2.conv1.conv.0.bias,True
2023-03-29 13:49:17,776 - __main__ - INFO - layer2.2.bn1.weight,True
2023-03-29 13:49:17,776 - __main__ - INFO - layer2.2.bn1.bias,True
2023-03-29 13:49:17,776 - __main__ - INFO - layer2.2.conv2.weight,True
2023-03-29 13:49:17,776 - __main__ - INFO - layer2.2.bn2.weight,True
2023-03-29 13:49:17,776 - __main__ - INFO - layer2.2.bn2.bias,True
2023-03-29 13:49:17,776 - __main__ - INFO - layer2.3.conv1.mlp.0.weight,True
2023-03-29 13:49:17,776 - __main__ - INFO - layer2.3.conv1.mlp.2.weight,True
2023-03-29 13:49:17,776 - __main__ - INFO - layer2.3.conv1.spatital.weight,True
2023-03-29 13:49:17,776 - __main__ - INFO - layer2.3.conv1.conv.0.weight,True
2023-03-29 13:49:17,776 - __main__ - INFO - layer2.3.conv1.conv.0.bias,True
2023-03-29 13:49:17,776 - __main__ - INFO - layer2.3.bn1.weight,True
2023-03-29 13:49:17,776 - __main__ - INFO - layer2.3.bn1.bias,True
2023-03-29 13:49:17,777 - __main__ - INFO - layer2.3.conv2.weight,True
2023-03-29 13:49:17,777 - __main__ - INFO - layer2.3.bn2.weight,True
2023-03-29 13:49:17,777 - __main__ - INFO - layer2.3.bn2.bias,True
2023-03-29 13:49:17,777 - __main__ - INFO - layer3.0.conv1.mlp.0.weight,True
2023-03-29 13:49:17,777 - __main__ - INFO - layer3.0.conv1.mlp.2.weight,True
2023-03-29 13:49:17,777 - __main__ - INFO - layer3.0.conv1.spatital.weight,True
2023-03-29 13:49:17,777 - __main__ - INFO - layer3.0.conv1.conv.0.weight,True
2023-03-29 13:49:17,777 - __main__ - INFO - layer3.0.conv1.conv.0.bias,True
2023-03-29 13:49:17,777 - __main__ - INFO - layer3.0.bn1.weight,True
2023-03-29 13:49:17,777 - __main__ - INFO - layer3.0.bn1.bias,True
2023-03-29 13:49:17,777 - __main__ - INFO - layer3.0.conv2.weight,True
2023-03-29 13:49:17,777 - __main__ - INFO - layer3.0.bn2.weight,True
2023-03-29 13:49:17,777 - __main__ - INFO - layer3.0.bn2.bias,True
2023-03-29 13:49:17,777 - __main__ - INFO - layer3.0.downsample.0.weight,True
2023-03-29 13:49:17,777 - __main__ - INFO - layer3.0.downsample.1.weight,True
2023-03-29 13:49:17,777 - __main__ - INFO - layer3.0.downsample.1.bias,True
2023-03-29 13:49:17,777 - __main__ - INFO - layer3.1.conv1.mlp.0.weight,True
2023-03-29 13:49:17,777 - __main__ - INFO - layer3.1.conv1.mlp.2.weight,True
2023-03-29 13:49:17,778 - __main__ - INFO - layer3.1.conv1.spatital.weight,True
2023-03-29 13:49:17,778 - __main__ - INFO - layer3.1.conv1.conv.0.weight,True
2023-03-29 13:49:17,778 - __main__ - INFO - layer3.1.conv1.conv.0.bias,True
2023-03-29 13:49:17,778 - __main__ - INFO - layer3.1.bn1.weight,True
2023-03-29 13:49:17,778 - __main__ - INFO - layer3.1.bn1.bias,True
2023-03-29 13:49:17,778 - __main__ - INFO - layer3.1.conv2.weight,True
2023-03-29 13:49:17,778 - __main__ - INFO - layer3.1.bn2.weight,True
2023-03-29 13:49:17,778 - __main__ - INFO - layer3.1.bn2.bias,True
2023-03-29 13:49:17,778 - __main__ - INFO - layer3.2.conv1.mlp.0.weight,True
2023-03-29 13:49:17,778 - __main__ - INFO - layer3.2.conv1.mlp.2.weight,True
2023-03-29 13:49:17,778 - __main__ - INFO - layer3.2.conv1.spatital.weight,True
2023-03-29 13:49:17,778 - __main__ - INFO - layer3.2.conv1.conv.0.weight,True
2023-03-29 13:49:17,778 - __main__ - INFO - layer3.2.conv1.conv.0.bias,True
2023-03-29 13:49:17,778 - __main__ - INFO - layer3.2.bn1.weight,True
2023-03-29 13:49:17,778 - __main__ - INFO - layer3.2.bn1.bias,True
2023-03-29 13:49:17,778 - __main__ - INFO - layer3.2.conv2.weight,True
2023-03-29 13:49:17,779 - __main__ - INFO - layer3.2.bn2.weight,True
2023-03-29 13:49:17,779 - __main__ - INFO - layer3.2.bn2.bias,True
2023-03-29 13:49:17,779 - __main__ - INFO - layer3.3.conv1.mlp.0.weight,True
2023-03-29 13:49:17,779 - __main__ - INFO - layer3.3.conv1.mlp.2.weight,True
2023-03-29 13:49:17,779 - __main__ - INFO - layer3.3.conv1.spatital.weight,True
2023-03-29 13:49:17,779 - __main__ - INFO - layer3.3.conv1.conv.0.weight,True
2023-03-29 13:49:17,779 - __main__ - INFO - layer3.3.conv1.conv.0.bias,True
2023-03-29 13:49:17,779 - __main__ - INFO - layer3.3.bn1.weight,True
2023-03-29 13:49:17,779 - __main__ - INFO - layer3.3.bn1.bias,True
2023-03-29 13:49:17,779 - __main__ - INFO - layer3.3.conv2.weight,True
2023-03-29 13:49:17,779 - __main__ - INFO - layer3.3.bn2.weight,True
2023-03-29 13:49:17,779 - __main__ - INFO - layer3.3.bn2.bias,True
2023-03-29 13:49:17,779 - __main__ - INFO - layer3.4.conv1.mlp.0.weight,True
2023-03-29 13:49:17,779 - __main__ - INFO - layer3.4.conv1.mlp.2.weight,True
2023-03-29 13:49:17,779 - __main__ - INFO - layer3.4.conv1.spatital.weight,True
2023-03-29 13:49:17,779 - __main__ - INFO - layer3.4.conv1.conv.0.weight,True
2023-03-29 13:49:17,779 - __main__ - INFO - layer3.4.conv1.conv.0.bias,True
2023-03-29 13:49:17,779 - __main__ - INFO - layer3.4.bn1.weight,True
2023-03-29 13:49:17,779 - __main__ - INFO - layer3.4.bn1.bias,True
2023-03-29 13:49:17,780 - __main__ - INFO - layer3.4.conv2.weight,True
2023-03-29 13:49:17,780 - __main__ - INFO - layer3.4.bn2.weight,True
2023-03-29 13:49:17,780 - __main__ - INFO - layer3.4.bn2.bias,True
2023-03-29 13:49:17,780 - __main__ - INFO - layer3.5.conv1.mlp.0.weight,True
2023-03-29 13:49:17,780 - __main__ - INFO - layer3.5.conv1.mlp.2.weight,True
2023-03-29 13:49:17,780 - __main__ - INFO - layer3.5.conv1.spatital.weight,True
2023-03-29 13:49:17,780 - __main__ - INFO - layer3.5.conv1.conv.0.weight,True
2023-03-29 13:49:17,780 - __main__ - INFO - layer3.5.conv1.conv.0.bias,True
2023-03-29 13:49:17,780 - __main__ - INFO - layer3.5.bn1.weight,True
2023-03-29 13:49:17,780 - __main__ - INFO - layer3.5.bn1.bias,True
2023-03-29 13:49:17,780 - __main__ - INFO - layer3.5.conv2.weight,True
2023-03-29 13:49:17,780 - __main__ - INFO - layer3.5.bn2.weight,True
2023-03-29 13:49:17,780 - __main__ - INFO - layer3.5.bn2.bias,True
2023-03-29 13:49:17,780 - __main__ - INFO - layer4.0.conv1.mlp.0.weight,True
2023-03-29 13:49:17,780 - __main__ - INFO - layer4.0.conv1.mlp.2.weight,True
2023-03-29 13:49:17,780 - __main__ - INFO - layer4.0.conv1.spatital.weight,True
2023-03-29 13:49:17,780 - __main__ - INFO - layer4.0.conv1.conv.0.weight,True
2023-03-29 13:49:17,780 - __main__ - INFO - layer4.0.conv1.conv.0.bias,True
2023-03-29 13:49:17,781 - __main__ - INFO - layer4.0.bn1.weight,True
2023-03-29 13:49:17,781 - __main__ - INFO - layer4.0.bn1.bias,True
2023-03-29 13:49:17,781 - __main__ - INFO - layer4.0.conv2.weight,True
2023-03-29 13:49:17,781 - __main__ - INFO - layer4.0.bn2.weight,True
2023-03-29 13:49:17,781 - __main__ - INFO - layer4.0.bn2.bias,True
2023-03-29 13:49:17,781 - __main__ - INFO - layer4.0.downsample.0.weight,True
2023-03-29 13:49:17,781 - __main__ - INFO - layer4.0.downsample.1.weight,True
2023-03-29 13:49:17,781 - __main__ - INFO - layer4.0.downsample.1.bias,True
2023-03-29 13:49:17,781 - __main__ - INFO - layer4.1.conv1.mlp.0.weight,True
2023-03-29 13:49:17,781 - __main__ - INFO - layer4.1.conv1.mlp.2.weight,True
2023-03-29 13:49:17,781 - __main__ - INFO - layer4.1.conv1.spatital.weight,True
2023-03-29 13:49:17,781 - __main__ - INFO - layer4.1.conv1.conv.0.weight,True
2023-03-29 13:49:17,781 - __main__ - INFO - layer4.1.conv1.conv.0.bias,True
2023-03-29 13:49:17,781 - __main__ - INFO - layer4.1.bn1.weight,True
2023-03-29 13:49:17,781 - __main__ - INFO - layer4.1.bn1.bias,True
2023-03-29 13:49:17,781 - __main__ - INFO - layer4.1.conv2.weight,True
2023-03-29 13:49:17,781 - __main__ - INFO - layer4.1.bn2.weight,True
2023-03-29 13:49:17,781 - __main__ - INFO - layer4.1.bn2.bias,True
2023-03-29 13:49:17,782 - __main__ - INFO - layer4.2.conv1.mlp.0.weight,True
2023-03-29 13:49:17,782 - __main__ - INFO - layer4.2.conv1.mlp.2.weight,True
2023-03-29 13:49:17,782 - __main__ - INFO - layer4.2.conv1.spatital.weight,True
2023-03-29 13:49:17,782 - __main__ - INFO - layer4.2.conv1.conv.0.weight,True
2023-03-29 13:49:17,782 - __main__ - INFO - layer4.2.conv1.conv.0.bias,True
2023-03-29 13:49:17,782 - __main__ - INFO - layer4.2.bn1.weight,True
2023-03-29 13:49:17,782 - __main__ - INFO - layer4.2.bn1.bias,True
2023-03-29 13:49:17,782 - __main__ - INFO - layer4.2.conv2.weight,True
2023-03-29 13:49:17,782 - __main__ - INFO - layer4.2.bn2.weight,True
2023-03-29 13:49:17,782 - __main__ - INFO - layer4.2.bn2.bias,True
2023-03-29 13:49:17,782 - __main__ - INFO - fc.weight,True
2023-03-29 13:49:17,782 - __main__ - INFO - fc.bias,True
2023-03-29 13:49:17,928 - __main__ - INFO - start only evaluating
2023-03-29 13:49:17,928 - __main__ - INFO - start resuming model from F:\class-test\models\CBAM\resnet34\models\latest.pth
2023-03-29 13:51:25,720 - __main__ - INFO - epoch 100, top1 acc: 72.95%, top5 acc: 91.26%, throughput: 196.86sample/s
