2023-03-29 14:03:47,645 - __main__ - INFO - use 1 gpus
2023-03-29 14:03:47,645 - __main__ - INFO - args: Namespace(accumulation_steps=1, batch_size=32, checkpoints='./models/RFA/resnet34', epochs=100, evaluate='F:\\class-test\\models\\our\\resnet34\\models\\latest.pth', input_image_size=224, log='./log/RFA/resnet34', lr=0.1, milestones=[30, 60, 90], momentum=0.9, network='RFAresnet34', num_classes=1000, num_workers=8, pretrained=False, print_interval=3000, resume='./checkpoints/latest.pth', seed=0, weight_decay=0.0001)
2023-03-29 14:03:47,645 - __main__ - INFO - start loading data
2023-03-29 14:03:47,646 - __main__ - INFO - finish loading data
2023-03-29 14:03:47,646 - __main__ - INFO - creating model 'RFAresnet34'
2023-03-29 14:03:48,176 - __main__ - INFO - model: 'RFAresnet34', flops: 3.843G, params: 22.161M
2023-03-29 14:03:48,176 - __main__ - INFO - conv1.weight,True
2023-03-29 14:03:48,176 - __main__ - INFO - bn1.weight,True
2023-03-29 14:03:48,176 - __main__ - INFO - bn1.bias,True
2023-03-29 14:03:48,176 - __main__ - INFO - layer1.0.conv1.get_weight.1.weight,True
2023-03-29 14:03:48,176 - __main__ - INFO - layer1.0.conv1.generate_feature.0.weight,True
2023-03-29 14:03:48,176 - __main__ - INFO - layer1.0.conv1.generate_feature.1.weight,True
2023-03-29 14:03:48,176 - __main__ - INFO - layer1.0.conv1.generate_feature.1.bias,True
2023-03-29 14:03:48,176 - __main__ - INFO - layer1.0.conv1.conv.0.weight,True
2023-03-29 14:03:48,176 - __main__ - INFO - layer1.0.conv1.conv.0.bias,True
2023-03-29 14:03:48,176 - __main__ - INFO - layer1.0.bn1.weight,True
2023-03-29 14:03:48,176 - __main__ - INFO - layer1.0.bn1.bias,True
2023-03-29 14:03:48,176 - __main__ - INFO - layer1.0.conv2.weight,True
2023-03-29 14:03:48,177 - __main__ - INFO - layer1.0.bn2.weight,True
2023-03-29 14:03:48,177 - __main__ - INFO - layer1.0.bn2.bias,True
2023-03-29 14:03:48,177 - __main__ - INFO - layer1.1.conv1.get_weight.1.weight,True
2023-03-29 14:03:48,177 - __main__ - INFO - layer1.1.conv1.generate_feature.0.weight,True
2023-03-29 14:03:48,177 - __main__ - INFO - layer1.1.conv1.generate_feature.1.weight,True
2023-03-29 14:03:48,177 - __main__ - INFO - layer1.1.conv1.generate_feature.1.bias,True
2023-03-29 14:03:48,177 - __main__ - INFO - layer1.1.conv1.conv.0.weight,True
2023-03-29 14:03:48,177 - __main__ - INFO - layer1.1.conv1.conv.0.bias,True
2023-03-29 14:03:48,177 - __main__ - INFO - layer1.1.bn1.weight,True
2023-03-29 14:03:48,177 - __main__ - INFO - layer1.1.bn1.bias,True
2023-03-29 14:03:48,177 - __main__ - INFO - layer1.1.conv2.weight,True
2023-03-29 14:03:48,177 - __main__ - INFO - layer1.1.bn2.weight,True
2023-03-29 14:03:48,177 - __main__ - INFO - layer1.1.bn2.bias,True
2023-03-29 14:03:48,177 - __main__ - INFO - layer1.2.conv1.get_weight.1.weight,True
2023-03-29 14:03:48,177 - __main__ - INFO - layer1.2.conv1.generate_feature.0.weight,True
2023-03-29 14:03:48,177 - __main__ - INFO - layer1.2.conv1.generate_feature.1.weight,True
2023-03-29 14:03:48,177 - __main__ - INFO - layer1.2.conv1.generate_feature.1.bias,True
2023-03-29 14:03:48,177 - __main__ - INFO - layer1.2.conv1.conv.0.weight,True
2023-03-29 14:03:48,177 - __main__ - INFO - layer1.2.conv1.conv.0.bias,True
2023-03-29 14:03:48,177 - __main__ - INFO - layer1.2.bn1.weight,True
2023-03-29 14:03:48,177 - __main__ - INFO - layer1.2.bn1.bias,True
2023-03-29 14:03:48,177 - __main__ - INFO - layer1.2.conv2.weight,True
2023-03-29 14:03:48,177 - __main__ - INFO - layer1.2.bn2.weight,True
2023-03-29 14:03:48,177 - __main__ - INFO - layer1.2.bn2.bias,True
2023-03-29 14:03:48,177 - __main__ - INFO - layer2.0.conv1.get_weight.1.weight,True
2023-03-29 14:03:48,177 - __main__ - INFO - layer2.0.conv1.generate_feature.0.weight,True
2023-03-29 14:03:48,177 - __main__ - INFO - layer2.0.conv1.generate_feature.1.weight,True
2023-03-29 14:03:48,177 - __main__ - INFO - layer2.0.conv1.generate_feature.1.bias,True
2023-03-29 14:03:48,177 - __main__ - INFO - layer2.0.conv1.conv.0.weight,True
2023-03-29 14:03:48,178 - __main__ - INFO - layer2.0.conv1.conv.0.bias,True
2023-03-29 14:03:48,178 - __main__ - INFO - layer2.0.bn1.weight,True
2023-03-29 14:03:48,178 - __main__ - INFO - layer2.0.bn1.bias,True
2023-03-29 14:03:48,178 - __main__ - INFO - layer2.0.conv2.weight,True
2023-03-29 14:03:48,178 - __main__ - INFO - layer2.0.bn2.weight,True
2023-03-29 14:03:48,178 - __main__ - INFO - layer2.0.bn2.bias,True
2023-03-29 14:03:48,178 - __main__ - INFO - layer2.0.downsample.0.weight,True
2023-03-29 14:03:48,178 - __main__ - INFO - layer2.0.downsample.1.weight,True
2023-03-29 14:03:48,178 - __main__ - INFO - layer2.0.downsample.1.bias,True
2023-03-29 14:03:48,178 - __main__ - INFO - layer2.1.conv1.get_weight.1.weight,True
2023-03-29 14:03:48,178 - __main__ - INFO - layer2.1.conv1.generate_feature.0.weight,True
2023-03-29 14:03:48,178 - __main__ - INFO - layer2.1.conv1.generate_feature.1.weight,True
2023-03-29 14:03:48,178 - __main__ - INFO - layer2.1.conv1.generate_feature.1.bias,True
2023-03-29 14:03:48,178 - __main__ - INFO - layer2.1.conv1.conv.0.weight,True
2023-03-29 14:03:48,178 - __main__ - INFO - layer2.1.conv1.conv.0.bias,True
2023-03-29 14:03:48,178 - __main__ - INFO - layer2.1.bn1.weight,True
2023-03-29 14:03:48,178 - __main__ - INFO - layer2.1.bn1.bias,True
2023-03-29 14:03:48,178 - __main__ - INFO - layer2.1.conv2.weight,True
2023-03-29 14:03:48,178 - __main__ - INFO - layer2.1.bn2.weight,True
2023-03-29 14:03:48,178 - __main__ - INFO - layer2.1.bn2.bias,True
2023-03-29 14:03:48,178 - __main__ - INFO - layer2.2.conv1.get_weight.1.weight,True
2023-03-29 14:03:48,178 - __main__ - INFO - layer2.2.conv1.generate_feature.0.weight,True
2023-03-29 14:03:48,178 - __main__ - INFO - layer2.2.conv1.generate_feature.1.weight,True
2023-03-29 14:03:48,178 - __main__ - INFO - layer2.2.conv1.generate_feature.1.bias,True
2023-03-29 14:03:48,178 - __main__ - INFO - layer2.2.conv1.conv.0.weight,True
2023-03-29 14:03:48,178 - __main__ - INFO - layer2.2.conv1.conv.0.bias,True
2023-03-29 14:03:48,178 - __main__ - INFO - layer2.2.bn1.weight,True
2023-03-29 14:03:48,179 - __main__ - INFO - layer2.2.bn1.bias,True
2023-03-29 14:03:48,179 - __main__ - INFO - layer2.2.conv2.weight,True
2023-03-29 14:03:48,179 - __main__ - INFO - layer2.2.bn2.weight,True
2023-03-29 14:03:48,179 - __main__ - INFO - layer2.2.bn2.bias,True
2023-03-29 14:03:48,179 - __main__ - INFO - layer2.3.conv1.get_weight.1.weight,True
2023-03-29 14:03:48,179 - __main__ - INFO - layer2.3.conv1.generate_feature.0.weight,True
2023-03-29 14:03:48,179 - __main__ - INFO - layer2.3.conv1.generate_feature.1.weight,True
2023-03-29 14:03:48,179 - __main__ - INFO - layer2.3.conv1.generate_feature.1.bias,True
2023-03-29 14:03:48,179 - __main__ - INFO - layer2.3.conv1.conv.0.weight,True
2023-03-29 14:03:48,179 - __main__ - INFO - layer2.3.conv1.conv.0.bias,True
2023-03-29 14:03:48,179 - __main__ - INFO - layer2.3.bn1.weight,True
2023-03-29 14:03:48,179 - __main__ - INFO - layer2.3.bn1.bias,True
2023-03-29 14:03:48,179 - __main__ - INFO - layer2.3.conv2.weight,True
2023-03-29 14:03:48,179 - __main__ - INFO - layer2.3.bn2.weight,True
2023-03-29 14:03:48,179 - __main__ - INFO - layer2.3.bn2.bias,True
2023-03-29 14:03:48,179 - __main__ - INFO - layer3.0.conv1.get_weight.1.weight,True
2023-03-29 14:03:48,179 - __main__ - INFO - layer3.0.conv1.generate_feature.0.weight,True
2023-03-29 14:03:48,179 - __main__ - INFO - layer3.0.conv1.generate_feature.1.weight,True
2023-03-29 14:03:48,179 - __main__ - INFO - layer3.0.conv1.generate_feature.1.bias,True
2023-03-29 14:03:48,179 - __main__ - INFO - layer3.0.conv1.conv.0.weight,True
2023-03-29 14:03:48,179 - __main__ - INFO - layer3.0.conv1.conv.0.bias,True
2023-03-29 14:03:48,179 - __main__ - INFO - layer3.0.bn1.weight,True
2023-03-29 14:03:48,179 - __main__ - INFO - layer3.0.bn1.bias,True
2023-03-29 14:03:48,179 - __main__ - INFO - layer3.0.conv2.weight,True
2023-03-29 14:03:48,179 - __main__ - INFO - layer3.0.bn2.weight,True
2023-03-29 14:03:48,179 - __main__ - INFO - layer3.0.bn2.bias,True
2023-03-29 14:03:48,179 - __main__ - INFO - layer3.0.downsample.0.weight,True
2023-03-29 14:03:48,179 - __main__ - INFO - layer3.0.downsample.1.weight,True
2023-03-29 14:03:48,179 - __main__ - INFO - layer3.0.downsample.1.bias,True
2023-03-29 14:03:48,180 - __main__ - INFO - layer3.1.conv1.get_weight.1.weight,True
2023-03-29 14:03:48,180 - __main__ - INFO - layer3.1.conv1.generate_feature.0.weight,True
2023-03-29 14:03:48,180 - __main__ - INFO - layer3.1.conv1.generate_feature.1.weight,True
2023-03-29 14:03:48,180 - __main__ - INFO - layer3.1.conv1.generate_feature.1.bias,True
2023-03-29 14:03:48,180 - __main__ - INFO - layer3.1.conv1.conv.0.weight,True
2023-03-29 14:03:48,180 - __main__ - INFO - layer3.1.conv1.conv.0.bias,True
2023-03-29 14:03:48,180 - __main__ - INFO - layer3.1.bn1.weight,True
2023-03-29 14:03:48,180 - __main__ - INFO - layer3.1.bn1.bias,True
2023-03-29 14:03:48,180 - __main__ - INFO - layer3.1.conv2.weight,True
2023-03-29 14:03:48,180 - __main__ - INFO - layer3.1.bn2.weight,True
2023-03-29 14:03:48,180 - __main__ - INFO - layer3.1.bn2.bias,True
2023-03-29 14:03:48,180 - __main__ - INFO - layer3.2.conv1.get_weight.1.weight,True
2023-03-29 14:03:48,180 - __main__ - INFO - layer3.2.conv1.generate_feature.0.weight,True
2023-03-29 14:03:48,180 - __main__ - INFO - layer3.2.conv1.generate_feature.1.weight,True
2023-03-29 14:03:48,180 - __main__ - INFO - layer3.2.conv1.generate_feature.1.bias,True
2023-03-29 14:03:48,180 - __main__ - INFO - layer3.2.conv1.conv.0.weight,True
2023-03-29 14:03:48,180 - __main__ - INFO - layer3.2.conv1.conv.0.bias,True
2023-03-29 14:03:48,180 - __main__ - INFO - layer3.2.bn1.weight,True
2023-03-29 14:03:48,180 - __main__ - INFO - layer3.2.bn1.bias,True
2023-03-29 14:03:48,180 - __main__ - INFO - layer3.2.conv2.weight,True
2023-03-29 14:03:48,180 - __main__ - INFO - layer3.2.bn2.weight,True
2023-03-29 14:03:48,180 - __main__ - INFO - layer3.2.bn2.bias,True
2023-03-29 14:03:48,180 - __main__ - INFO - layer3.3.conv1.get_weight.1.weight,True
2023-03-29 14:03:48,180 - __main__ - INFO - layer3.3.conv1.generate_feature.0.weight,True
2023-03-29 14:03:48,180 - __main__ - INFO - layer3.3.conv1.generate_feature.1.weight,True
2023-03-29 14:03:48,180 - __main__ - INFO - layer3.3.conv1.generate_feature.1.bias,True
2023-03-29 14:03:48,180 - __main__ - INFO - layer3.3.conv1.conv.0.weight,True
2023-03-29 14:03:48,180 - __main__ - INFO - layer3.3.conv1.conv.0.bias,True
2023-03-29 14:03:48,180 - __main__ - INFO - layer3.3.bn1.weight,True
2023-03-29 14:03:48,180 - __main__ - INFO - layer3.3.bn1.bias,True
2023-03-29 14:03:48,181 - __main__ - INFO - layer3.3.conv2.weight,True
2023-03-29 14:03:48,181 - __main__ - INFO - layer3.3.bn2.weight,True
2023-03-29 14:03:48,181 - __main__ - INFO - layer3.3.bn2.bias,True
2023-03-29 14:03:48,181 - __main__ - INFO - layer3.4.conv1.get_weight.1.weight,True
2023-03-29 14:03:48,181 - __main__ - INFO - layer3.4.conv1.generate_feature.0.weight,True
2023-03-29 14:03:48,181 - __main__ - INFO - layer3.4.conv1.generate_feature.1.weight,True
2023-03-29 14:03:48,181 - __main__ - INFO - layer3.4.conv1.generate_feature.1.bias,True
2023-03-29 14:03:48,181 - __main__ - INFO - layer3.4.conv1.conv.0.weight,True
2023-03-29 14:03:48,181 - __main__ - INFO - layer3.4.conv1.conv.0.bias,True
2023-03-29 14:03:48,181 - __main__ - INFO - layer3.4.bn1.weight,True
2023-03-29 14:03:48,181 - __main__ - INFO - layer3.4.bn1.bias,True
2023-03-29 14:03:48,181 - __main__ - INFO - layer3.4.conv2.weight,True
2023-03-29 14:03:48,181 - __main__ - INFO - layer3.4.bn2.weight,True
2023-03-29 14:03:48,181 - __main__ - INFO - layer3.4.bn2.bias,True
2023-03-29 14:03:48,181 - __main__ - INFO - layer3.5.conv1.get_weight.1.weight,True
2023-03-29 14:03:48,181 - __main__ - INFO - layer3.5.conv1.generate_feature.0.weight,True
2023-03-29 14:03:48,181 - __main__ - INFO - layer3.5.conv1.generate_feature.1.weight,True
2023-03-29 14:03:48,181 - __main__ - INFO - layer3.5.conv1.generate_feature.1.bias,True
2023-03-29 14:03:48,181 - __main__ - INFO - layer3.5.conv1.conv.0.weight,True
2023-03-29 14:03:48,181 - __main__ - INFO - layer3.5.conv1.conv.0.bias,True
2023-03-29 14:03:48,181 - __main__ - INFO - layer3.5.bn1.weight,True
2023-03-29 14:03:48,181 - __main__ - INFO - layer3.5.bn1.bias,True
2023-03-29 14:03:48,181 - __main__ - INFO - layer3.5.conv2.weight,True
2023-03-29 14:03:48,181 - __main__ - INFO - layer3.5.bn2.weight,True
2023-03-29 14:03:48,181 - __main__ - INFO - layer3.5.bn2.bias,True
2023-03-29 14:03:48,181 - __main__ - INFO - layer4.0.conv1.get_weight.1.weight,True
2023-03-29 14:03:48,181 - __main__ - INFO - layer4.0.conv1.generate_feature.0.weight,True
2023-03-29 14:03:48,181 - __main__ - INFO - layer4.0.conv1.generate_feature.1.weight,True
2023-03-29 14:03:48,181 - __main__ - INFO - layer4.0.conv1.generate_feature.1.bias,True
2023-03-29 14:03:48,181 - __main__ - INFO - layer4.0.conv1.conv.0.weight,True
2023-03-29 14:03:48,182 - __main__ - INFO - layer4.0.conv1.conv.0.bias,True
2023-03-29 14:03:48,182 - __main__ - INFO - layer4.0.bn1.weight,True
2023-03-29 14:03:48,182 - __main__ - INFO - layer4.0.bn1.bias,True
2023-03-29 14:03:48,182 - __main__ - INFO - layer4.0.conv2.weight,True
2023-03-29 14:03:48,182 - __main__ - INFO - layer4.0.bn2.weight,True
2023-03-29 14:03:48,182 - __main__ - INFO - layer4.0.bn2.bias,True
2023-03-29 14:03:48,182 - __main__ - INFO - layer4.0.downsample.0.weight,True
2023-03-29 14:03:48,182 - __main__ - INFO - layer4.0.downsample.1.weight,True
2023-03-29 14:03:48,182 - __main__ - INFO - layer4.0.downsample.1.bias,True
2023-03-29 14:03:48,182 - __main__ - INFO - layer4.1.conv1.get_weight.1.weight,True
2023-03-29 14:03:48,182 - __main__ - INFO - layer4.1.conv1.generate_feature.0.weight,True
2023-03-29 14:03:48,182 - __main__ - INFO - layer4.1.conv1.generate_feature.1.weight,True
2023-03-29 14:03:48,182 - __main__ - INFO - layer4.1.conv1.generate_feature.1.bias,True
2023-03-29 14:03:48,182 - __main__ - INFO - layer4.1.conv1.conv.0.weight,True
2023-03-29 14:03:48,182 - __main__ - INFO - layer4.1.conv1.conv.0.bias,True
2023-03-29 14:03:48,182 - __main__ - INFO - layer4.1.bn1.weight,True
2023-03-29 14:03:48,182 - __main__ - INFO - layer4.1.bn1.bias,True
2023-03-29 14:03:48,182 - __main__ - INFO - layer4.1.conv2.weight,True
2023-03-29 14:03:48,182 - __main__ - INFO - layer4.1.bn2.weight,True
2023-03-29 14:03:48,182 - __main__ - INFO - layer4.1.bn2.bias,True
2023-03-29 14:03:48,182 - __main__ - INFO - layer4.2.conv1.get_weight.1.weight,True
2023-03-29 14:03:48,182 - __main__ - INFO - layer4.2.conv1.generate_feature.0.weight,True
2023-03-29 14:03:48,182 - __main__ - INFO - layer4.2.conv1.generate_feature.1.weight,True
2023-03-29 14:03:48,182 - __main__ - INFO - layer4.2.conv1.generate_feature.1.bias,True
2023-03-29 14:03:48,182 - __main__ - INFO - layer4.2.conv1.conv.0.weight,True
2023-03-29 14:03:48,182 - __main__ - INFO - layer4.2.conv1.conv.0.bias,True
2023-03-29 14:03:48,182 - __main__ - INFO - layer4.2.bn1.weight,True
2023-03-29 14:03:48,182 - __main__ - INFO - layer4.2.bn1.bias,True
2023-03-29 14:03:48,182 - __main__ - INFO - layer4.2.conv2.weight,True
2023-03-29 14:03:48,182 - __main__ - INFO - layer4.2.bn2.weight,True
2023-03-29 14:03:48,183 - __main__ - INFO - layer4.2.bn2.bias,True
2023-03-29 14:03:48,183 - __main__ - INFO - fc.weight,True
2023-03-29 14:03:48,183 - __main__ - INFO - fc.bias,True
2023-03-29 14:03:48,342 - __main__ - INFO - start only evaluating
2023-03-29 14:03:48,342 - __main__ - INFO - start resuming model from F:\class-test\models\our\resnet34\models\latest.pth
2023-03-29 14:06:36,872 - __main__ - INFO - epoch 100, top1 acc: 74.25%, top5 acc: 92.03%, throughput: 149.07sample/s
