2023-03-29 13:52:57,581 - __main__ - INFO - use 1 gpus
2023-03-29 13:52:57,582 - __main__ - INFO - args: Namespace(accumulation_steps=1, batch_size=32, checkpoints='./models/CAM/resnet34', epochs=100, evaluate='F:\\class-test\\models\\CAM\\resnet34\\models\\latest.pth', input_image_size=224, log='./log/CAM/resnet34', lr=0.1, milestones=[30, 60, 90], momentum=0.9, network='CAMresnet34', num_classes=1000, num_workers=8, pretrained=False, print_interval=3000, resume='./checkpoints/latest.pth', seed=0, weight_decay=0.0001)
2023-03-29 13:52:57,582 - __main__ - INFO - start loading data
2023-03-29 13:52:57,582 - __main__ - INFO - finish loading data
2023-03-29 13:52:57,582 - __main__ - INFO - creating model 'CAMresnet34'
2023-03-29 13:52:57,913 - __main__ - INFO - model: 'CAMresnet34', flops: 3.681G, params: 21.926M
2023-03-29 13:52:57,913 - __main__ - INFO - conv1.weight,True
2023-03-29 13:52:57,913 - __main__ - INFO - bn1.weight,True
2023-03-29 13:52:57,913 - __main__ - INFO - bn1.bias,True
2023-03-29 13:52:57,913 - __main__ - INFO - layer1.0.conv1.mlp.0.weight,True
2023-03-29 13:52:57,913 - __main__ - INFO - layer1.0.conv1.mlp.2.weight,True
2023-03-29 13:52:57,913 - __main__ - INFO - layer1.0.conv1.conv.0.weight,True
2023-03-29 13:52:57,913 - __main__ - INFO - layer1.0.conv1.conv.0.bias,True
2023-03-29 13:52:57,913 - __main__ - INFO - layer1.0.bn1.weight,True
2023-03-29 13:52:57,913 - __main__ - INFO - layer1.0.bn1.bias,True
2023-03-29 13:52:57,913 - __main__ - INFO - layer1.0.conv2.weight,True
2023-03-29 13:52:57,913 - __main__ - INFO - layer1.0.bn2.weight,True
2023-03-29 13:52:57,913 - __main__ - INFO - layer1.0.bn2.bias,True
2023-03-29 13:52:57,913 - __main__ - INFO - layer1.1.conv1.mlp.0.weight,True
2023-03-29 13:52:57,913 - __main__ - INFO - layer1.1.conv1.mlp.2.weight,True
2023-03-29 13:52:57,913 - __main__ - INFO - layer1.1.conv1.conv.0.weight,True
2023-03-29 13:52:57,913 - __main__ - INFO - layer1.1.conv1.conv.0.bias,True
2023-03-29 13:52:57,913 - __main__ - INFO - layer1.1.bn1.weight,True
2023-03-29 13:52:57,913 - __main__ - INFO - layer1.1.bn1.bias,True
2023-03-29 13:52:57,913 - __main__ - INFO - layer1.1.conv2.weight,True
2023-03-29 13:52:57,913 - __main__ - INFO - layer1.1.bn2.weight,True
2023-03-29 13:52:57,914 - __main__ - INFO - layer1.1.bn2.bias,True
2023-03-29 13:52:57,914 - __main__ - INFO - layer1.2.conv1.mlp.0.weight,True
2023-03-29 13:52:57,914 - __main__ - INFO - layer1.2.conv1.mlp.2.weight,True
2023-03-29 13:52:57,914 - __main__ - INFO - layer1.2.conv1.conv.0.weight,True
2023-03-29 13:52:57,914 - __main__ - INFO - layer1.2.conv1.conv.0.bias,True
2023-03-29 13:52:57,914 - __main__ - INFO - layer1.2.bn1.weight,True
2023-03-29 13:52:57,914 - __main__ - INFO - layer1.2.bn1.bias,True
2023-03-29 13:52:57,914 - __main__ - INFO - layer1.2.conv2.weight,True
2023-03-29 13:52:57,914 - __main__ - INFO - layer1.2.bn2.weight,True
2023-03-29 13:52:57,914 - __main__ - INFO - layer1.2.bn2.bias,True
2023-03-29 13:52:57,914 - __main__ - INFO - layer2.0.conv1.mlp.0.weight,True
2023-03-29 13:52:57,914 - __main__ - INFO - layer2.0.conv1.mlp.2.weight,True
2023-03-29 13:52:57,914 - __main__ - INFO - layer2.0.conv1.conv.0.weight,True
2023-03-29 13:52:57,914 - __main__ - INFO - layer2.0.conv1.conv.0.bias,True
2023-03-29 13:52:57,914 - __main__ - INFO - layer2.0.bn1.weight,True
2023-03-29 13:52:57,914 - __main__ - INFO - layer2.0.bn1.bias,True
2023-03-29 13:52:57,914 - __main__ - INFO - layer2.0.conv2.weight,True
2023-03-29 13:52:57,914 - __main__ - INFO - layer2.0.bn2.weight,True
2023-03-29 13:52:57,914 - __main__ - INFO - layer2.0.bn2.bias,True
2023-03-29 13:52:57,914 - __main__ - INFO - layer2.0.downsample.0.weight,True
2023-03-29 13:52:57,914 - __main__ - INFO - layer2.0.downsample.1.weight,True
2023-03-29 13:52:57,914 - __main__ - INFO - layer2.0.downsample.1.bias,True
2023-03-29 13:52:57,914 - __main__ - INFO - layer2.1.conv1.mlp.0.weight,True
2023-03-29 13:52:57,914 - __main__ - INFO - layer2.1.conv1.mlp.2.weight,True
2023-03-29 13:52:57,914 - __main__ - INFO - layer2.1.conv1.conv.0.weight,True
2023-03-29 13:52:57,914 - __main__ - INFO - layer2.1.conv1.conv.0.bias,True
2023-03-29 13:52:57,914 - __main__ - INFO - layer2.1.bn1.weight,True
2023-03-29 13:52:57,915 - __main__ - INFO - layer2.1.bn1.bias,True
2023-03-29 13:52:57,915 - __main__ - INFO - layer2.1.conv2.weight,True
2023-03-29 13:52:57,915 - __main__ - INFO - layer2.1.bn2.weight,True
2023-03-29 13:52:57,915 - __main__ - INFO - layer2.1.bn2.bias,True
2023-03-29 13:52:57,915 - __main__ - INFO - layer2.2.conv1.mlp.0.weight,True
2023-03-29 13:52:57,915 - __main__ - INFO - layer2.2.conv1.mlp.2.weight,True
2023-03-29 13:52:57,915 - __main__ - INFO - layer2.2.conv1.conv.0.weight,True
2023-03-29 13:52:57,915 - __main__ - INFO - layer2.2.conv1.conv.0.bias,True
2023-03-29 13:52:57,915 - __main__ - INFO - layer2.2.bn1.weight,True
2023-03-29 13:52:57,915 - __main__ - INFO - layer2.2.bn1.bias,True
2023-03-29 13:52:57,915 - __main__ - INFO - layer2.2.conv2.weight,True
2023-03-29 13:52:57,915 - __main__ - INFO - layer2.2.bn2.weight,True
2023-03-29 13:52:57,915 - __main__ - INFO - layer2.2.bn2.bias,True
2023-03-29 13:52:57,915 - __main__ - INFO - layer2.3.conv1.mlp.0.weight,True
2023-03-29 13:52:57,915 - __main__ - INFO - layer2.3.conv1.mlp.2.weight,True
2023-03-29 13:52:57,915 - __main__ - INFO - layer2.3.conv1.conv.0.weight,True
2023-03-29 13:52:57,915 - __main__ - INFO - layer2.3.conv1.conv.0.bias,True
2023-03-29 13:52:57,915 - __main__ - INFO - layer2.3.bn1.weight,True
2023-03-29 13:52:57,915 - __main__ - INFO - layer2.3.bn1.bias,True
2023-03-29 13:52:57,915 - __main__ - INFO - layer2.3.conv2.weight,True
2023-03-29 13:52:57,915 - __main__ - INFO - layer2.3.bn2.weight,True
2023-03-29 13:52:57,915 - __main__ - INFO - layer2.3.bn2.bias,True
2023-03-29 13:52:57,915 - __main__ - INFO - layer3.0.conv1.mlp.0.weight,True
2023-03-29 13:52:57,915 - __main__ - INFO - layer3.0.conv1.mlp.2.weight,True
2023-03-29 13:52:57,915 - __main__ - INFO - layer3.0.conv1.conv.0.weight,True
2023-03-29 13:52:57,915 - __main__ - INFO - layer3.0.conv1.conv.0.bias,True
2023-03-29 13:52:57,915 - __main__ - INFO - layer3.0.bn1.weight,True
2023-03-29 13:52:57,915 - __main__ - INFO - layer3.0.bn1.bias,True
2023-03-29 13:52:57,915 - __main__ - INFO - layer3.0.conv2.weight,True
2023-03-29 13:52:57,915 - __main__ - INFO - layer3.0.bn2.weight,True
2023-03-29 13:52:57,916 - __main__ - INFO - layer3.0.bn2.bias,True
2023-03-29 13:52:57,916 - __main__ - INFO - layer3.0.downsample.0.weight,True
2023-03-29 13:52:57,916 - __main__ - INFO - layer3.0.downsample.1.weight,True
2023-03-29 13:52:57,916 - __main__ - INFO - layer3.0.downsample.1.bias,True
2023-03-29 13:52:57,916 - __main__ - INFO - layer3.1.conv1.mlp.0.weight,True
2023-03-29 13:52:57,916 - __main__ - INFO - layer3.1.conv1.mlp.2.weight,True
2023-03-29 13:52:57,916 - __main__ - INFO - layer3.1.conv1.conv.0.weight,True
2023-03-29 13:52:57,916 - __main__ - INFO - layer3.1.conv1.conv.0.bias,True
2023-03-29 13:52:57,916 - __main__ - INFO - layer3.1.bn1.weight,True
2023-03-29 13:52:57,916 - __main__ - INFO - layer3.1.bn1.bias,True
2023-03-29 13:52:57,916 - __main__ - INFO - layer3.1.conv2.weight,True
2023-03-29 13:52:57,916 - __main__ - INFO - layer3.1.bn2.weight,True
2023-03-29 13:52:57,916 - __main__ - INFO - layer3.1.bn2.bias,True
2023-03-29 13:52:57,916 - __main__ - INFO - layer3.2.conv1.mlp.0.weight,True
2023-03-29 13:52:57,916 - __main__ - INFO - layer3.2.conv1.mlp.2.weight,True
2023-03-29 13:52:57,916 - __main__ - INFO - layer3.2.conv1.conv.0.weight,True
2023-03-29 13:52:57,916 - __main__ - INFO - layer3.2.conv1.conv.0.bias,True
2023-03-29 13:52:57,916 - __main__ - INFO - layer3.2.bn1.weight,True
2023-03-29 13:52:57,916 - __main__ - INFO - layer3.2.bn1.bias,True
2023-03-29 13:52:57,916 - __main__ - INFO - layer3.2.conv2.weight,True
2023-03-29 13:52:57,916 - __main__ - INFO - layer3.2.bn2.weight,True
2023-03-29 13:52:57,916 - __main__ - INFO - layer3.2.bn2.bias,True
2023-03-29 13:52:57,916 - __main__ - INFO - layer3.3.conv1.mlp.0.weight,True
2023-03-29 13:52:57,916 - __main__ - INFO - layer3.3.conv1.mlp.2.weight,True
2023-03-29 13:52:57,916 - __main__ - INFO - layer3.3.conv1.conv.0.weight,True
2023-03-29 13:52:57,916 - __main__ - INFO - layer3.3.conv1.conv.0.bias,True
2023-03-29 13:52:57,916 - __main__ - INFO - layer3.3.bn1.weight,True
2023-03-29 13:52:57,916 - __main__ - INFO - layer3.3.bn1.bias,True
2023-03-29 13:52:57,917 - __main__ - INFO - layer3.3.conv2.weight,True
2023-03-29 13:52:57,917 - __main__ - INFO - layer3.3.bn2.weight,True
2023-03-29 13:52:57,917 - __main__ - INFO - layer3.3.bn2.bias,True
2023-03-29 13:52:57,917 - __main__ - INFO - layer3.4.conv1.mlp.0.weight,True
2023-03-29 13:52:57,917 - __main__ - INFO - layer3.4.conv1.mlp.2.weight,True
2023-03-29 13:52:57,917 - __main__ - INFO - layer3.4.conv1.conv.0.weight,True
2023-03-29 13:52:57,917 - __main__ - INFO - layer3.4.conv1.conv.0.bias,True
2023-03-29 13:52:57,917 - __main__ - INFO - layer3.4.bn1.weight,True
2023-03-29 13:52:57,917 - __main__ - INFO - layer3.4.bn1.bias,True
2023-03-29 13:52:57,917 - __main__ - INFO - layer3.4.conv2.weight,True
2023-03-29 13:52:57,917 - __main__ - INFO - layer3.4.bn2.weight,True
2023-03-29 13:52:57,917 - __main__ - INFO - layer3.4.bn2.bias,True
2023-03-29 13:52:57,917 - __main__ - INFO - layer3.5.conv1.mlp.0.weight,True
2023-03-29 13:52:57,917 - __main__ - INFO - layer3.5.conv1.mlp.2.weight,True
2023-03-29 13:52:57,917 - __main__ - INFO - layer3.5.conv1.conv.0.weight,True
2023-03-29 13:52:57,917 - __main__ - INFO - layer3.5.conv1.conv.0.bias,True
2023-03-29 13:52:57,917 - __main__ - INFO - layer3.5.bn1.weight,True
2023-03-29 13:52:57,917 - __main__ - INFO - layer3.5.bn1.bias,True
2023-03-29 13:52:57,917 - __main__ - INFO - layer3.5.conv2.weight,True
2023-03-29 13:52:57,917 - __main__ - INFO - layer3.5.bn2.weight,True
2023-03-29 13:52:57,917 - __main__ - INFO - layer3.5.bn2.bias,True
2023-03-29 13:52:57,917 - __main__ - INFO - layer4.0.conv1.mlp.0.weight,True
2023-03-29 13:52:57,917 - __main__ - INFO - layer4.0.conv1.mlp.2.weight,True
2023-03-29 13:52:57,917 - __main__ - INFO - layer4.0.conv1.conv.0.weight,True
2023-03-29 13:52:57,917 - __main__ - INFO - layer4.0.conv1.conv.0.bias,True
2023-03-29 13:52:57,917 - __main__ - INFO - layer4.0.bn1.weight,True
2023-03-29 13:52:57,917 - __main__ - INFO - layer4.0.bn1.bias,True
2023-03-29 13:52:57,917 - __main__ - INFO - layer4.0.conv2.weight,True
2023-03-29 13:52:57,917 - __main__ - INFO - layer4.0.bn2.weight,True
2023-03-29 13:52:57,917 - __main__ - INFO - layer4.0.bn2.bias,True
2023-03-29 13:52:57,918 - __main__ - INFO - layer4.0.downsample.0.weight,True
2023-03-29 13:52:57,918 - __main__ - INFO - layer4.0.downsample.1.weight,True
2023-03-29 13:52:57,918 - __main__ - INFO - layer4.0.downsample.1.bias,True
2023-03-29 13:52:57,918 - __main__ - INFO - layer4.1.conv1.mlp.0.weight,True
2023-03-29 13:52:57,918 - __main__ - INFO - layer4.1.conv1.mlp.2.weight,True
2023-03-29 13:52:57,918 - __main__ - INFO - layer4.1.conv1.conv.0.weight,True
2023-03-29 13:52:57,918 - __main__ - INFO - layer4.1.conv1.conv.0.bias,True
2023-03-29 13:52:57,918 - __main__ - INFO - layer4.1.bn1.weight,True
2023-03-29 13:52:57,918 - __main__ - INFO - layer4.1.bn1.bias,True
2023-03-29 13:52:57,918 - __main__ - INFO - layer4.1.conv2.weight,True
2023-03-29 13:52:57,918 - __main__ - INFO - layer4.1.bn2.weight,True
2023-03-29 13:52:57,918 - __main__ - INFO - layer4.1.bn2.bias,True
2023-03-29 13:52:57,918 - __main__ - INFO - layer4.2.conv1.mlp.0.weight,True
2023-03-29 13:52:57,918 - __main__ - INFO - layer4.2.conv1.mlp.2.weight,True
2023-03-29 13:52:57,918 - __main__ - INFO - layer4.2.conv1.conv.0.weight,True
2023-03-29 13:52:57,918 - __main__ - INFO - layer4.2.conv1.conv.0.bias,True
2023-03-29 13:52:57,918 - __main__ - INFO - layer4.2.bn1.weight,True
2023-03-29 13:52:57,918 - __main__ - INFO - layer4.2.bn1.bias,True
2023-03-29 13:52:57,918 - __main__ - INFO - layer4.2.conv2.weight,True
2023-03-29 13:52:57,918 - __main__ - INFO - layer4.2.bn2.weight,True
2023-03-29 13:52:57,918 - __main__ - INFO - layer4.2.bn2.bias,True
2023-03-29 13:52:57,918 - __main__ - INFO - fc.weight,True
2023-03-29 13:52:57,918 - __main__ - INFO - fc.bias,True
2023-03-29 13:52:58,057 - __main__ - INFO - start only evaluating
2023-03-29 13:52:58,057 - __main__ - INFO - start resuming model from F:\class-test\models\CAM\resnet34\models\latest.pth
2023-03-29 13:55:03,032 - __main__ - INFO - epoch 100, top1 acc: 74.03%, top5 acc: 91.69%, throughput: 201.19sample/s
