2023-03-28 22:45:42,205 - __main__ - INFO - use 1 gpus
2023-03-28 22:45:42,205 - __main__ - INFO - args: Namespace(accumulation_steps=1, batch_size=32, checkpoints='./models/CAM/resnet18', epochs=100, evaluate='F:\\class-test\\models\\CAM\\resnet18\\models\\latest.pth', input_image_size=224, log='./log/CAM/resnet18', lr=0.1, milestones=[30, 60, 90], momentum=0.9, network='CAMresnet18', num_classes=1000, num_workers=8, pretrained=False, print_interval=3000, resume='./checkpoints/latest.pth', seed=0, weight_decay=0.0001)
2023-03-28 22:45:42,205 - __main__ - INFO - start loading data
2023-03-28 22:45:42,206 - __main__ - INFO - finish loading data
2023-03-28 22:45:42,206 - __main__ - INFO - creating model 'CAMresnet18'
2023-03-28 22:45:42,404 - __main__ - INFO - model: 'CAMresnet18', flops: 1.825G, params: 11.746M
2023-03-28 22:45:42,404 - __main__ - INFO - conv1.weight,True
2023-03-28 22:45:42,404 - __main__ - INFO - bn1.weight,True
2023-03-28 22:45:42,404 - __main__ - INFO - bn1.bias,True
2023-03-28 22:45:42,404 - __main__ - INFO - layer1.0.conv1.mlp.0.weight,True
2023-03-28 22:45:42,404 - __main__ - INFO - layer1.0.conv1.mlp.2.weight,True
2023-03-28 22:45:42,404 - __main__ - INFO - layer1.0.conv1.conv.0.weight,True
2023-03-28 22:45:42,404 - __main__ - INFO - layer1.0.conv1.conv.0.bias,True
2023-03-28 22:45:42,404 - __main__ - INFO - layer1.0.bn1.weight,True
2023-03-28 22:45:42,404 - __main__ - INFO - layer1.0.bn1.bias,True
2023-03-28 22:45:42,405 - __main__ - INFO - layer1.0.conv2.weight,True
2023-03-28 22:45:42,405 - __main__ - INFO - layer1.0.bn2.weight,True
2023-03-28 22:45:42,405 - __main__ - INFO - layer1.0.bn2.bias,True
2023-03-28 22:45:42,405 - __main__ - INFO - layer1.1.conv1.mlp.0.weight,True
2023-03-28 22:45:42,405 - __main__ - INFO - layer1.1.conv1.mlp.2.weight,True
2023-03-28 22:45:42,405 - __main__ - INFO - layer1.1.conv1.conv.0.weight,True
2023-03-28 22:45:42,405 - __main__ - INFO - layer1.1.conv1.conv.0.bias,True
2023-03-28 22:45:42,405 - __main__ - INFO - layer1.1.bn1.weight,True
2023-03-28 22:45:42,405 - __main__ - INFO - layer1.1.bn1.bias,True
2023-03-28 22:45:42,405 - __main__ - INFO - layer1.1.conv2.weight,True
2023-03-28 22:45:42,405 - __main__ - INFO - layer1.1.bn2.weight,True
2023-03-28 22:45:42,405 - __main__ - INFO - layer1.1.bn2.bias,True
2023-03-28 22:45:42,405 - __main__ - INFO - layer2.0.conv1.mlp.0.weight,True
2023-03-28 22:45:42,405 - __main__ - INFO - layer2.0.conv1.mlp.2.weight,True
2023-03-28 22:45:42,405 - __main__ - INFO - layer2.0.conv1.conv.0.weight,True
2023-03-28 22:45:42,405 - __main__ - INFO - layer2.0.conv1.conv.0.bias,True
2023-03-28 22:45:42,405 - __main__ - INFO - layer2.0.bn1.weight,True
2023-03-28 22:45:42,405 - __main__ - INFO - layer2.0.bn1.bias,True
2023-03-28 22:45:42,405 - __main__ - INFO - layer2.0.conv2.weight,True
2023-03-28 22:45:42,405 - __main__ - INFO - layer2.0.bn2.weight,True
2023-03-28 22:45:42,406 - __main__ - INFO - layer2.0.bn2.bias,True
2023-03-28 22:45:42,406 - __main__ - INFO - layer2.0.downsample.0.weight,True
2023-03-28 22:45:42,406 - __main__ - INFO - layer2.0.downsample.1.weight,True
2023-03-28 22:45:42,406 - __main__ - INFO - layer2.0.downsample.1.bias,True
2023-03-28 22:45:42,406 - __main__ - INFO - layer2.1.conv1.mlp.0.weight,True
2023-03-28 22:45:42,406 - __main__ - INFO - layer2.1.conv1.mlp.2.weight,True
2023-03-28 22:45:42,406 - __main__ - INFO - layer2.1.conv1.conv.0.weight,True
2023-03-28 22:45:42,406 - __main__ - INFO - layer2.1.conv1.conv.0.bias,True
2023-03-28 22:45:42,406 - __main__ - INFO - layer2.1.bn1.weight,True
2023-03-28 22:45:42,406 - __main__ - INFO - layer2.1.bn1.bias,True
2023-03-28 22:45:42,406 - __main__ - INFO - layer2.1.conv2.weight,True
2023-03-28 22:45:42,406 - __main__ - INFO - layer2.1.bn2.weight,True
2023-03-28 22:45:42,406 - __main__ - INFO - layer2.1.bn2.bias,True
2023-03-28 22:45:42,406 - __main__ - INFO - layer3.0.conv1.mlp.0.weight,True
2023-03-28 22:45:42,406 - __main__ - INFO - layer3.0.conv1.mlp.2.weight,True
2023-03-28 22:45:42,406 - __main__ - INFO - layer3.0.conv1.conv.0.weight,True
2023-03-28 22:45:42,406 - __main__ - INFO - layer3.0.conv1.conv.0.bias,True
2023-03-28 22:45:42,406 - __main__ - INFO - layer3.0.bn1.weight,True
2023-03-28 22:45:42,407 - __main__ - INFO - layer3.0.bn1.bias,True
2023-03-28 22:45:42,407 - __main__ - INFO - layer3.0.conv2.weight,True
2023-03-28 22:45:42,407 - __main__ - INFO - layer3.0.bn2.weight,True
2023-03-28 22:45:42,407 - __main__ - INFO - layer3.0.bn2.bias,True
2023-03-28 22:45:42,407 - __main__ - INFO - layer3.0.downsample.0.weight,True
2023-03-28 22:45:42,407 - __main__ - INFO - layer3.0.downsample.1.weight,True
2023-03-28 22:45:42,407 - __main__ - INFO - layer3.0.downsample.1.bias,True
2023-03-28 22:45:42,407 - __main__ - INFO - layer3.1.conv1.mlp.0.weight,True
2023-03-28 22:45:42,407 - __main__ - INFO - layer3.1.conv1.mlp.2.weight,True
2023-03-28 22:45:42,407 - __main__ - INFO - layer3.1.conv1.conv.0.weight,True
2023-03-28 22:45:42,407 - __main__ - INFO - layer3.1.conv1.conv.0.bias,True
2023-03-28 22:45:42,407 - __main__ - INFO - layer3.1.bn1.weight,True
2023-03-28 22:45:42,407 - __main__ - INFO - layer3.1.bn1.bias,True
2023-03-28 22:45:42,407 - __main__ - INFO - layer3.1.conv2.weight,True
2023-03-28 22:45:42,407 - __main__ - INFO - layer3.1.bn2.weight,True
2023-03-28 22:45:42,407 - __main__ - INFO - layer3.1.bn2.bias,True
2023-03-28 22:45:42,407 - __main__ - INFO - layer4.0.conv1.mlp.0.weight,True
2023-03-28 22:45:42,407 - __main__ - INFO - layer4.0.conv1.mlp.2.weight,True
2023-03-28 22:45:42,407 - __main__ - INFO - layer4.0.conv1.conv.0.weight,True
2023-03-28 22:45:42,407 - __main__ - INFO - layer4.0.conv1.conv.0.bias,True
2023-03-28 22:45:42,408 - __main__ - INFO - layer4.0.bn1.weight,True
2023-03-28 22:45:42,408 - __main__ - INFO - layer4.0.bn1.bias,True
2023-03-28 22:45:42,408 - __main__ - INFO - layer4.0.conv2.weight,True
2023-03-28 22:45:42,408 - __main__ - INFO - layer4.0.bn2.weight,True
2023-03-28 22:45:42,408 - __main__ - INFO - layer4.0.bn2.bias,True
2023-03-28 22:45:42,408 - __main__ - INFO - layer4.0.downsample.0.weight,True
2023-03-28 22:45:42,408 - __main__ - INFO - layer4.0.downsample.1.weight,True
2023-03-28 22:45:42,408 - __main__ - INFO - layer4.0.downsample.1.bias,True
2023-03-28 22:45:42,408 - __main__ - INFO - layer4.1.conv1.mlp.0.weight,True
2023-03-28 22:45:42,408 - __main__ - INFO - layer4.1.conv1.mlp.2.weight,True
2023-03-28 22:45:42,408 - __main__ - INFO - layer4.1.conv1.conv.0.weight,True
2023-03-28 22:45:42,408 - __main__ - INFO - layer4.1.conv1.conv.0.bias,True
2023-03-28 22:45:42,408 - __main__ - INFO - layer4.1.bn1.weight,True
2023-03-28 22:45:42,408 - __main__ - INFO - layer4.1.bn1.bias,True
2023-03-28 22:45:42,408 - __main__ - INFO - layer4.1.conv2.weight,True
2023-03-28 22:45:42,408 - __main__ - INFO - layer4.1.bn2.weight,True
2023-03-28 22:45:42,408 - __main__ - INFO - layer4.1.bn2.bias,True
2023-03-28 22:45:42,408 - __main__ - INFO - fc.weight,True
2023-03-28 22:45:42,408 - __main__ - INFO - fc.bias,True
2023-03-28 22:45:42,545 - __main__ - INFO - start only evaluating
2023-03-28 22:45:42,545 - __main__ - INFO - start resuming model from F:\class-test\models\CAM\resnet18\models\latest.pth
2023-03-28 22:47:50,508 - __main__ - INFO - epoch 100, top1 acc: 70.76%, top5 acc: 89.74%, throughput: 196.43sample/s
