2023-03-28 22:49:12,816 - __main__ - INFO - use 1 gpus
2023-03-28 22:49:12,816 - __main__ - INFO - args: Namespace(accumulation_steps=1, batch_size=32, checkpoints='./models/CA/resnet18', epochs=100, evaluate='F:\\class-test\\models\\CA\\resnet18\\models\\latest.pth', input_image_size=224, log='./log/CA/resnet18', lr=0.1, milestones=[30, 60, 90], momentum=0.9, network='CAresnet18', num_classes=1000, num_workers=8, pretrained=False, print_interval=3000, resume='./checkpoints/latest.pth', seed=0, weight_decay=0.0001)
2023-03-28 22:49:12,816 - __main__ - INFO - start loading data
2023-03-28 22:49:12,817 - __main__ - INFO - finish loading data
2023-03-28 22:49:12,817 - __main__ - INFO - creating model 'CAresnet18'
2023-03-28 22:49:13,052 - __main__ - INFO - model: 'CAresnet18', flops: 1.827G, params: 11.742M
2023-03-28 22:49:13,052 - __main__ - INFO - conv1.weight,True
2023-03-28 22:49:13,052 - __main__ - INFO - bn1.weight,True
2023-03-28 22:49:13,052 - __main__ - INFO - bn1.bias,True
2023-03-28 22:49:13,052 - __main__ - INFO - layer1.0.conv1.conv1.weight,True
2023-03-28 22:49:13,052 - __main__ - INFO - layer1.0.conv1.conv1.bias,True
2023-03-28 22:49:13,052 - __main__ - INFO - layer1.0.conv1.bn1.weight,True
2023-03-28 22:49:13,052 - __main__ - INFO - layer1.0.conv1.bn1.bias,True
2023-03-28 22:49:13,053 - __main__ - INFO - layer1.0.conv1.conv_h.weight,True
2023-03-28 22:49:13,053 - __main__ - INFO - layer1.0.conv1.conv_h.bias,True
2023-03-28 22:49:13,053 - __main__ - INFO - layer1.0.conv1.conv_w.weight,True
2023-03-28 22:49:13,053 - __main__ - INFO - layer1.0.conv1.conv_w.bias,True
2023-03-28 22:49:13,053 - __main__ - INFO - layer1.0.conv1.conv.0.weight,True
2023-03-28 22:49:13,053 - __main__ - INFO - layer1.0.conv1.conv.0.bias,True
2023-03-28 22:49:13,053 - __main__ - INFO - layer1.0.bn1.weight,True
2023-03-28 22:49:13,053 - __main__ - INFO - layer1.0.bn1.bias,True
2023-03-28 22:49:13,053 - __main__ - INFO - layer1.0.conv2.weight,True
2023-03-28 22:49:13,053 - __main__ - INFO - layer1.0.bn2.weight,True
2023-03-28 22:49:13,053 - __main__ - INFO - layer1.0.bn2.bias,True
2023-03-28 22:49:13,053 - __main__ - INFO - layer1.1.conv1.conv1.weight,True
2023-03-28 22:49:13,053 - __main__ - INFO - layer1.1.conv1.conv1.bias,True
2023-03-28 22:49:13,053 - __main__ - INFO - layer1.1.conv1.bn1.weight,True
2023-03-28 22:49:13,053 - __main__ - INFO - layer1.1.conv1.bn1.bias,True
2023-03-28 22:49:13,053 - __main__ - INFO - layer1.1.conv1.conv_h.weight,True
2023-03-28 22:49:13,053 - __main__ - INFO - layer1.1.conv1.conv_h.bias,True
2023-03-28 22:49:13,053 - __main__ - INFO - layer1.1.conv1.conv_w.weight,True
2023-03-28 22:49:13,053 - __main__ - INFO - layer1.1.conv1.conv_w.bias,True
2023-03-28 22:49:13,053 - __main__ - INFO - layer1.1.conv1.conv.0.weight,True
2023-03-28 22:49:13,053 - __main__ - INFO - layer1.1.conv1.conv.0.bias,True
2023-03-28 22:49:13,053 - __main__ - INFO - layer1.1.bn1.weight,True
2023-03-28 22:49:13,053 - __main__ - INFO - layer1.1.bn1.bias,True
2023-03-28 22:49:13,053 - __main__ - INFO - layer1.1.conv2.weight,True
2023-03-28 22:49:13,053 - __main__ - INFO - layer1.1.bn2.weight,True
2023-03-28 22:49:13,053 - __main__ - INFO - layer1.1.bn2.bias,True
2023-03-28 22:49:13,053 - __main__ - INFO - layer2.0.conv1.conv1.weight,True
2023-03-28 22:49:13,053 - __main__ - INFO - layer2.0.conv1.conv1.bias,True
2023-03-28 22:49:13,053 - __main__ - INFO - layer2.0.conv1.bn1.weight,True
2023-03-28 22:49:13,053 - __main__ - INFO - layer2.0.conv1.bn1.bias,True
2023-03-28 22:49:13,054 - __main__ - INFO - layer2.0.conv1.conv_h.weight,True
2023-03-28 22:49:13,054 - __main__ - INFO - layer2.0.conv1.conv_h.bias,True
2023-03-28 22:49:13,054 - __main__ - INFO - layer2.0.conv1.conv_w.weight,True
2023-03-28 22:49:13,054 - __main__ - INFO - layer2.0.conv1.conv_w.bias,True
2023-03-28 22:49:13,054 - __main__ - INFO - layer2.0.conv1.conv.0.weight,True
2023-03-28 22:49:13,054 - __main__ - INFO - layer2.0.conv1.conv.0.bias,True
2023-03-28 22:49:13,054 - __main__ - INFO - layer2.0.bn1.weight,True
2023-03-28 22:49:13,054 - __main__ - INFO - layer2.0.bn1.bias,True
2023-03-28 22:49:13,054 - __main__ - INFO - layer2.0.conv2.weight,True
2023-03-28 22:49:13,054 - __main__ - INFO - layer2.0.bn2.weight,True
2023-03-28 22:49:13,054 - __main__ - INFO - layer2.0.bn2.bias,True
2023-03-28 22:49:13,054 - __main__ - INFO - layer2.0.downsample.0.weight,True
2023-03-28 22:49:13,054 - __main__ - INFO - layer2.0.downsample.1.weight,True
2023-03-28 22:49:13,054 - __main__ - INFO - layer2.0.downsample.1.bias,True
2023-03-28 22:49:13,054 - __main__ - INFO - layer2.1.conv1.conv1.weight,True
2023-03-28 22:49:13,054 - __main__ - INFO - layer2.1.conv1.conv1.bias,True
2023-03-28 22:49:13,054 - __main__ - INFO - layer2.1.conv1.bn1.weight,True
2023-03-28 22:49:13,054 - __main__ - INFO - layer2.1.conv1.bn1.bias,True
2023-03-28 22:49:13,054 - __main__ - INFO - layer2.1.conv1.conv_h.weight,True
2023-03-28 22:49:13,054 - __main__ - INFO - layer2.1.conv1.conv_h.bias,True
2023-03-28 22:49:13,054 - __main__ - INFO - layer2.1.conv1.conv_w.weight,True
2023-03-28 22:49:13,054 - __main__ - INFO - layer2.1.conv1.conv_w.bias,True
2023-03-28 22:49:13,054 - __main__ - INFO - layer2.1.conv1.conv.0.weight,True
2023-03-28 22:49:13,054 - __main__ - INFO - layer2.1.conv1.conv.0.bias,True
2023-03-28 22:49:13,054 - __main__ - INFO - layer2.1.bn1.weight,True
2023-03-28 22:49:13,054 - __main__ - INFO - layer2.1.bn1.bias,True
2023-03-28 22:49:13,054 - __main__ - INFO - layer2.1.conv2.weight,True
2023-03-28 22:49:13,054 - __main__ - INFO - layer2.1.bn2.weight,True
2023-03-28 22:49:13,054 - __main__ - INFO - layer2.1.bn2.bias,True
2023-03-28 22:49:13,055 - __main__ - INFO - layer3.0.conv1.conv1.weight,True
2023-03-28 22:49:13,055 - __main__ - INFO - layer3.0.conv1.conv1.bias,True
2023-03-28 22:49:13,055 - __main__ - INFO - layer3.0.conv1.bn1.weight,True
2023-03-28 22:49:13,055 - __main__ - INFO - layer3.0.conv1.bn1.bias,True
2023-03-28 22:49:13,055 - __main__ - INFO - layer3.0.conv1.conv_h.weight,True
2023-03-28 22:49:13,055 - __main__ - INFO - layer3.0.conv1.conv_h.bias,True
2023-03-28 22:49:13,055 - __main__ - INFO - layer3.0.conv1.conv_w.weight,True
2023-03-28 22:49:13,055 - __main__ - INFO - layer3.0.conv1.conv_w.bias,True
2023-03-28 22:49:13,055 - __main__ - INFO - layer3.0.conv1.conv.0.weight,True
2023-03-28 22:49:13,055 - __main__ - INFO - layer3.0.conv1.conv.0.bias,True
2023-03-28 22:49:13,055 - __main__ - INFO - layer3.0.bn1.weight,True
2023-03-28 22:49:13,055 - __main__ - INFO - layer3.0.bn1.bias,True
2023-03-28 22:49:13,055 - __main__ - INFO - layer3.0.conv2.weight,True
2023-03-28 22:49:13,055 - __main__ - INFO - layer3.0.bn2.weight,True
2023-03-28 22:49:13,055 - __main__ - INFO - layer3.0.bn2.bias,True
2023-03-28 22:49:13,055 - __main__ - INFO - layer3.0.downsample.0.weight,True
2023-03-28 22:49:13,055 - __main__ - INFO - layer3.0.downsample.1.weight,True
2023-03-28 22:49:13,055 - __main__ - INFO - layer3.0.downsample.1.bias,True
2023-03-28 22:49:13,055 - __main__ - INFO - layer3.1.conv1.conv1.weight,True
2023-03-28 22:49:13,055 - __main__ - INFO - layer3.1.conv1.conv1.bias,True
2023-03-28 22:49:13,055 - __main__ - INFO - layer3.1.conv1.bn1.weight,True
2023-03-28 22:49:13,055 - __main__ - INFO - layer3.1.conv1.bn1.bias,True
2023-03-28 22:49:13,055 - __main__ - INFO - layer3.1.conv1.conv_h.weight,True
2023-03-28 22:49:13,055 - __main__ - INFO - layer3.1.conv1.conv_h.bias,True
2023-03-28 22:49:13,055 - __main__ - INFO - layer3.1.conv1.conv_w.weight,True
2023-03-28 22:49:13,055 - __main__ - INFO - layer3.1.conv1.conv_w.bias,True
2023-03-28 22:49:13,055 - __main__ - INFO - layer3.1.conv1.conv.0.weight,True
2023-03-28 22:49:13,055 - __main__ - INFO - layer3.1.conv1.conv.0.bias,True
2023-03-28 22:49:13,055 - __main__ - INFO - layer3.1.bn1.weight,True
2023-03-28 22:49:13,055 - __main__ - INFO - layer3.1.bn1.bias,True
2023-03-28 22:49:13,056 - __main__ - INFO - layer3.1.conv2.weight,True
2023-03-28 22:49:13,056 - __main__ - INFO - layer3.1.bn2.weight,True
2023-03-28 22:49:13,056 - __main__ - INFO - layer3.1.bn2.bias,True
2023-03-28 22:49:13,056 - __main__ - INFO - layer4.0.conv1.conv1.weight,True
2023-03-28 22:49:13,056 - __main__ - INFO - layer4.0.conv1.conv1.bias,True
2023-03-28 22:49:13,056 - __main__ - INFO - layer4.0.conv1.bn1.weight,True
2023-03-28 22:49:13,056 - __main__ - INFO - layer4.0.conv1.bn1.bias,True
2023-03-28 22:49:13,056 - __main__ - INFO - layer4.0.conv1.conv_h.weight,True
2023-03-28 22:49:13,056 - __main__ - INFO - layer4.0.conv1.conv_h.bias,True
2023-03-28 22:49:13,056 - __main__ - INFO - layer4.0.conv1.conv_w.weight,True
2023-03-28 22:49:13,056 - __main__ - INFO - layer4.0.conv1.conv_w.bias,True
2023-03-28 22:49:13,056 - __main__ - INFO - layer4.0.conv1.conv.0.weight,True
2023-03-28 22:49:13,056 - __main__ - INFO - layer4.0.conv1.conv.0.bias,True
2023-03-28 22:49:13,056 - __main__ - INFO - layer4.0.bn1.weight,True
2023-03-28 22:49:13,056 - __main__ - INFO - layer4.0.bn1.bias,True
2023-03-28 22:49:13,056 - __main__ - INFO - layer4.0.conv2.weight,True
2023-03-28 22:49:13,056 - __main__ - INFO - layer4.0.bn2.weight,True
2023-03-28 22:49:13,056 - __main__ - INFO - layer4.0.bn2.bias,True
2023-03-28 22:49:13,056 - __main__ - INFO - layer4.0.downsample.0.weight,True
2023-03-28 22:49:13,056 - __main__ - INFO - layer4.0.downsample.1.weight,True
2023-03-28 22:49:13,056 - __main__ - INFO - layer4.0.downsample.1.bias,True
2023-03-28 22:49:13,056 - __main__ - INFO - layer4.1.conv1.conv1.weight,True
2023-03-28 22:49:13,056 - __main__ - INFO - layer4.1.conv1.conv1.bias,True
2023-03-28 22:49:13,056 - __main__ - INFO - layer4.1.conv1.bn1.weight,True
2023-03-28 22:49:13,056 - __main__ - INFO - layer4.1.conv1.bn1.bias,True
2023-03-28 22:49:13,056 - __main__ - INFO - layer4.1.conv1.conv_h.weight,True
2023-03-28 22:49:13,056 - __main__ - INFO - layer4.1.conv1.conv_h.bias,True
2023-03-28 22:49:13,056 - __main__ - INFO - layer4.1.conv1.conv_w.weight,True
2023-03-28 22:49:13,056 - __main__ - INFO - layer4.1.conv1.conv_w.bias,True
2023-03-28 22:49:13,057 - __main__ - INFO - layer4.1.conv1.conv.0.weight,True
2023-03-28 22:49:13,057 - __main__ - INFO - layer4.1.conv1.conv.0.bias,True
2023-03-28 22:49:13,057 - __main__ - INFO - layer4.1.bn1.weight,True
2023-03-28 22:49:13,057 - __main__ - INFO - layer4.1.bn1.bias,True
2023-03-28 22:49:13,057 - __main__ - INFO - layer4.1.conv2.weight,True
2023-03-28 22:49:13,057 - __main__ - INFO - layer4.1.bn2.weight,True
2023-03-28 22:49:13,057 - __main__ - INFO - layer4.1.bn2.bias,True
2023-03-28 22:49:13,057 - __main__ - INFO - fc.weight,True
2023-03-28 22:49:13,057 - __main__ - INFO - fc.bias,True
2023-03-28 22:49:13,202 - __main__ - INFO - start only evaluating
2023-03-28 22:49:13,202 - __main__ - INFO - start resuming model from F:\class-test\models\CA\resnet18\models\latest.pth
2023-03-28 22:51:18,490 - __main__ - INFO - epoch 100, top1 acc: 70.58%, top5 acc: 89.59%, throughput: 200.60sample/s
