2023-03-28 23:05:03,427 - __main__ - INFO - use 1 gpus
2023-03-28 23:05:03,427 - __main__ - INFO - args: Namespace(accumulation_steps=1, batch_size=32, checkpoints='./models/RFACA/resnet18', epochs=100, evaluate='F:\\class-test\\models\\RFACA\\resnet18\\models\\latest.pth', input_image_size=224, log='./log/RFACA/resnet18', lr=0.1, milestones=[30, 60, 90], momentum=0.9, network='RFACAresnet18', num_classes=1000, num_workers=8, pretrained=False, print_interval=3000, resume='./checkpoints/latest.pth', seed=0, weight_decay=0.0001)
2023-03-28 23:05:03,428 - __main__ - INFO - start loading data
2023-03-28 23:05:03,428 - __main__ - INFO - finish loading data
2023-03-28 23:05:03,428 - __main__ - INFO - creating model 'RFACAresnet18'
2023-03-28 23:05:03,760 - __main__ - INFO - model: 'RFACAresnet18', flops: 1.917G, params: 11.888M
2023-03-28 23:05:03,760 - __main__ - INFO - conv1.weight,True
2023-03-28 23:05:03,760 - __main__ - INFO - bn1.weight,True
2023-03-28 23:05:03,760 - __main__ - INFO - bn1.bias,True
2023-03-28 23:05:03,760 - __main__ - INFO - layer1.0.conv1.generate.0.weight,True
2023-03-28 23:05:03,760 - __main__ - INFO - layer1.0.conv1.generate.1.weight,True
2023-03-28 23:05:03,760 - __main__ - INFO - layer1.0.conv1.generate.1.bias,True
2023-03-28 23:05:03,760 - __main__ - INFO - layer1.0.conv1.conv1.weight,True
2023-03-28 23:05:03,760 - __main__ - INFO - layer1.0.conv1.conv1.bias,True
2023-03-28 23:05:03,760 - __main__ - INFO - layer1.0.conv1.bn1.weight,True
2023-03-28 23:05:03,760 - __main__ - INFO - layer1.0.conv1.bn1.bias,True
2023-03-28 23:05:03,761 - __main__ - INFO - layer1.0.conv1.conv_h.weight,True
2023-03-28 23:05:03,761 - __main__ - INFO - layer1.0.conv1.conv_h.bias,True
2023-03-28 23:05:03,761 - __main__ - INFO - layer1.0.conv1.conv_w.weight,True
2023-03-28 23:05:03,761 - __main__ - INFO - layer1.0.conv1.conv_w.bias,True
2023-03-28 23:05:03,761 - __main__ - INFO - layer1.0.conv1.conv.0.weight,True
2023-03-28 23:05:03,761 - __main__ - INFO - layer1.0.conv1.conv.0.bias,True
2023-03-28 23:05:03,761 - __main__ - INFO - layer1.0.bn1.weight,True
2023-03-28 23:05:03,761 - __main__ - INFO - layer1.0.bn1.bias,True
2023-03-28 23:05:03,761 - __main__ - INFO - layer1.0.conv2.weight,True
2023-03-28 23:05:03,761 - __main__ - INFO - layer1.0.bn2.weight,True
2023-03-28 23:05:03,761 - __main__ - INFO - layer1.0.bn2.bias,True
2023-03-28 23:05:03,761 - __main__ - INFO - layer1.1.conv1.generate.0.weight,True
2023-03-28 23:05:03,761 - __main__ - INFO - layer1.1.conv1.generate.1.weight,True
2023-03-28 23:05:03,761 - __main__ - INFO - layer1.1.conv1.generate.1.bias,True
2023-03-28 23:05:03,761 - __main__ - INFO - layer1.1.conv1.conv1.weight,True
2023-03-28 23:05:03,761 - __main__ - INFO - layer1.1.conv1.conv1.bias,True
2023-03-28 23:05:03,761 - __main__ - INFO - layer1.1.conv1.bn1.weight,True
2023-03-28 23:05:03,761 - __main__ - INFO - layer1.1.conv1.bn1.bias,True
2023-03-28 23:05:03,761 - __main__ - INFO - layer1.1.conv1.conv_h.weight,True
2023-03-28 23:05:03,761 - __main__ - INFO - layer1.1.conv1.conv_h.bias,True
2023-03-28 23:05:03,761 - __main__ - INFO - layer1.1.conv1.conv_w.weight,True
2023-03-28 23:05:03,761 - __main__ - INFO - layer1.1.conv1.conv_w.bias,True
2023-03-28 23:05:03,761 - __main__ - INFO - layer1.1.conv1.conv.0.weight,True
2023-03-28 23:05:03,761 - __main__ - INFO - layer1.1.conv1.conv.0.bias,True
2023-03-28 23:05:03,761 - __main__ - INFO - layer1.1.bn1.weight,True
2023-03-28 23:05:03,761 - __main__ - INFO - layer1.1.bn1.bias,True
2023-03-28 23:05:03,761 - __main__ - INFO - layer1.1.conv2.weight,True
2023-03-28 23:05:03,761 - __main__ - INFO - layer1.1.bn2.weight,True
2023-03-28 23:05:03,761 - __main__ - INFO - layer1.1.bn2.bias,True
2023-03-28 23:05:03,761 - __main__ - INFO - layer2.0.conv1.generate.0.weight,True
2023-03-28 23:05:03,762 - __main__ - INFO - layer2.0.conv1.generate.1.weight,True
2023-03-28 23:05:03,762 - __main__ - INFO - layer2.0.conv1.generate.1.bias,True
2023-03-28 23:05:03,762 - __main__ - INFO - layer2.0.conv1.conv1.weight,True
2023-03-28 23:05:03,762 - __main__ - INFO - layer2.0.conv1.conv1.bias,True
2023-03-28 23:05:03,762 - __main__ - INFO - layer2.0.conv1.bn1.weight,True
2023-03-28 23:05:03,762 - __main__ - INFO - layer2.0.conv1.bn1.bias,True
2023-03-28 23:05:03,762 - __main__ - INFO - layer2.0.conv1.conv_h.weight,True
2023-03-28 23:05:03,762 - __main__ - INFO - layer2.0.conv1.conv_h.bias,True
2023-03-28 23:05:03,762 - __main__ - INFO - layer2.0.conv1.conv_w.weight,True
2023-03-28 23:05:03,762 - __main__ - INFO - layer2.0.conv1.conv_w.bias,True
2023-03-28 23:05:03,762 - __main__ - INFO - layer2.0.conv1.conv.0.weight,True
2023-03-28 23:05:03,762 - __main__ - INFO - layer2.0.conv1.conv.0.bias,True
2023-03-28 23:05:03,762 - __main__ - INFO - layer2.0.bn1.weight,True
2023-03-28 23:05:03,762 - __main__ - INFO - layer2.0.bn1.bias,True
2023-03-28 23:05:03,762 - __main__ - INFO - layer2.0.conv2.weight,True
2023-03-28 23:05:03,762 - __main__ - INFO - layer2.0.bn2.weight,True
2023-03-28 23:05:03,762 - __main__ - INFO - layer2.0.bn2.bias,True
2023-03-28 23:05:03,762 - __main__ - INFO - layer2.0.downsample.0.weight,True
2023-03-28 23:05:03,762 - __main__ - INFO - layer2.0.downsample.1.weight,True
2023-03-28 23:05:03,762 - __main__ - INFO - layer2.0.downsample.1.bias,True
2023-03-28 23:05:03,762 - __main__ - INFO - layer2.1.conv1.generate.0.weight,True
2023-03-28 23:05:03,762 - __main__ - INFO - layer2.1.conv1.generate.1.weight,True
2023-03-28 23:05:03,762 - __main__ - INFO - layer2.1.conv1.generate.1.bias,True
2023-03-28 23:05:03,762 - __main__ - INFO - layer2.1.conv1.conv1.weight,True
2023-03-28 23:05:03,762 - __main__ - INFO - layer2.1.conv1.conv1.bias,True
2023-03-28 23:05:03,762 - __main__ - INFO - layer2.1.conv1.bn1.weight,True
2023-03-28 23:05:03,762 - __main__ - INFO - layer2.1.conv1.bn1.bias,True
2023-03-28 23:05:03,763 - __main__ - INFO - layer2.1.conv1.conv_h.weight,True
2023-03-28 23:05:03,763 - __main__ - INFO - layer2.1.conv1.conv_h.bias,True
2023-03-28 23:05:03,763 - __main__ - INFO - layer2.1.conv1.conv_w.weight,True
2023-03-28 23:05:03,763 - __main__ - INFO - layer2.1.conv1.conv_w.bias,True
2023-03-28 23:05:03,763 - __main__ - INFO - layer2.1.conv1.conv.0.weight,True
2023-03-28 23:05:03,763 - __main__ - INFO - layer2.1.conv1.conv.0.bias,True
2023-03-28 23:05:03,763 - __main__ - INFO - layer2.1.bn1.weight,True
2023-03-28 23:05:03,763 - __main__ - INFO - layer2.1.bn1.bias,True
2023-03-28 23:05:03,763 - __main__ - INFO - layer2.1.conv2.weight,True
2023-03-28 23:05:03,763 - __main__ - INFO - layer2.1.bn2.weight,True
2023-03-28 23:05:03,763 - __main__ - INFO - layer2.1.bn2.bias,True
2023-03-28 23:05:03,763 - __main__ - INFO - layer3.0.conv1.generate.0.weight,True
2023-03-28 23:05:03,763 - __main__ - INFO - layer3.0.conv1.generate.1.weight,True
2023-03-28 23:05:03,763 - __main__ - INFO - layer3.0.conv1.generate.1.bias,True
2023-03-28 23:05:03,763 - __main__ - INFO - layer3.0.conv1.conv1.weight,True
2023-03-28 23:05:03,763 - __main__ - INFO - layer3.0.conv1.conv1.bias,True
2023-03-28 23:05:03,763 - __main__ - INFO - layer3.0.conv1.bn1.weight,True
2023-03-28 23:05:03,763 - __main__ - INFO - layer3.0.conv1.bn1.bias,True
2023-03-28 23:05:03,763 - __main__ - INFO - layer3.0.conv1.conv_h.weight,True
2023-03-28 23:05:03,763 - __main__ - INFO - layer3.0.conv1.conv_h.bias,True
2023-03-28 23:05:03,763 - __main__ - INFO - layer3.0.conv1.conv_w.weight,True
2023-03-28 23:05:03,763 - __main__ - INFO - layer3.0.conv1.conv_w.bias,True
2023-03-28 23:05:03,763 - __main__ - INFO - layer3.0.conv1.conv.0.weight,True
2023-03-28 23:05:03,763 - __main__ - INFO - layer3.0.conv1.conv.0.bias,True
2023-03-28 23:05:03,763 - __main__ - INFO - layer3.0.bn1.weight,True
2023-03-28 23:05:03,763 - __main__ - INFO - layer3.0.bn1.bias,True
2023-03-28 23:05:03,763 - __main__ - INFO - layer3.0.conv2.weight,True
2023-03-28 23:05:03,763 - __main__ - INFO - layer3.0.bn2.weight,True
2023-03-28 23:05:03,763 - __main__ - INFO - layer3.0.bn2.bias,True
2023-03-28 23:05:03,763 - __main__ - INFO - layer3.0.downsample.0.weight,True
2023-03-28 23:05:03,763 - __main__ - INFO - layer3.0.downsample.1.weight,True
2023-03-28 23:05:03,764 - __main__ - INFO - layer3.0.downsample.1.bias,True
2023-03-28 23:05:03,764 - __main__ - INFO - layer3.1.conv1.generate.0.weight,True
2023-03-28 23:05:03,764 - __main__ - INFO - layer3.1.conv1.generate.1.weight,True
2023-03-28 23:05:03,764 - __main__ - INFO - layer3.1.conv1.generate.1.bias,True
2023-03-28 23:05:03,764 - __main__ - INFO - layer3.1.conv1.conv1.weight,True
2023-03-28 23:05:03,764 - __main__ - INFO - layer3.1.conv1.conv1.bias,True
2023-03-28 23:05:03,764 - __main__ - INFO - layer3.1.conv1.bn1.weight,True
2023-03-28 23:05:03,764 - __main__ - INFO - layer3.1.conv1.bn1.bias,True
2023-03-28 23:05:03,764 - __main__ - INFO - layer3.1.conv1.conv_h.weight,True
2023-03-28 23:05:03,764 - __main__ - INFO - layer3.1.conv1.conv_h.bias,True
2023-03-28 23:05:03,764 - __main__ - INFO - layer3.1.conv1.conv_w.weight,True
2023-03-28 23:05:03,764 - __main__ - INFO - layer3.1.conv1.conv_w.bias,True
2023-03-28 23:05:03,764 - __main__ - INFO - layer3.1.conv1.conv.0.weight,True
2023-03-28 23:05:03,764 - __main__ - INFO - layer3.1.conv1.conv.0.bias,True
2023-03-28 23:05:03,764 - __main__ - INFO - layer3.1.bn1.weight,True
2023-03-28 23:05:03,764 - __main__ - INFO - layer3.1.bn1.bias,True
2023-03-28 23:05:03,764 - __main__ - INFO - layer3.1.conv2.weight,True
2023-03-28 23:05:03,764 - __main__ - INFO - layer3.1.bn2.weight,True
2023-03-28 23:05:03,764 - __main__ - INFO - layer3.1.bn2.bias,True
2023-03-28 23:05:03,764 - __main__ - INFO - layer4.0.conv1.generate.0.weight,True
2023-03-28 23:05:03,764 - __main__ - INFO - layer4.0.conv1.generate.1.weight,True
2023-03-28 23:05:03,764 - __main__ - INFO - layer4.0.conv1.generate.1.bias,True
2023-03-28 23:05:03,764 - __main__ - INFO - layer4.0.conv1.conv1.weight,True
2023-03-28 23:05:03,764 - __main__ - INFO - layer4.0.conv1.conv1.bias,True
2023-03-28 23:05:03,764 - __main__ - INFO - layer4.0.conv1.bn1.weight,True
2023-03-28 23:05:03,764 - __main__ - INFO - layer4.0.conv1.bn1.bias,True
2023-03-28 23:05:03,764 - __main__ - INFO - layer4.0.conv1.conv_h.weight,True
2023-03-28 23:05:03,764 - __main__ - INFO - layer4.0.conv1.conv_h.bias,True
2023-03-28 23:05:03,764 - __main__ - INFO - layer4.0.conv1.conv_w.weight,True
2023-03-28 23:05:03,765 - __main__ - INFO - layer4.0.conv1.conv_w.bias,True
2023-03-28 23:05:03,765 - __main__ - INFO - layer4.0.conv1.conv.0.weight,True
2023-03-28 23:05:03,765 - __main__ - INFO - layer4.0.conv1.conv.0.bias,True
2023-03-28 23:05:03,765 - __main__ - INFO - layer4.0.bn1.weight,True
2023-03-28 23:05:03,765 - __main__ - INFO - layer4.0.bn1.bias,True
2023-03-28 23:05:03,765 - __main__ - INFO - layer4.0.conv2.weight,True
2023-03-28 23:05:03,765 - __main__ - INFO - layer4.0.bn2.weight,True
2023-03-28 23:05:03,765 - __main__ - INFO - layer4.0.bn2.bias,True
2023-03-28 23:05:03,765 - __main__ - INFO - layer4.0.downsample.0.weight,True
2023-03-28 23:05:03,765 - __main__ - INFO - layer4.0.downsample.1.weight,True
2023-03-28 23:05:03,765 - __main__ - INFO - layer4.0.downsample.1.bias,True
2023-03-28 23:05:03,765 - __main__ - INFO - layer4.1.conv1.generate.0.weight,True
2023-03-28 23:05:03,765 - __main__ - INFO - layer4.1.conv1.generate.1.weight,True
2023-03-28 23:05:03,765 - __main__ - INFO - layer4.1.conv1.generate.1.bias,True
2023-03-28 23:05:03,765 - __main__ - INFO - layer4.1.conv1.conv1.weight,True
2023-03-28 23:05:03,765 - __main__ - INFO - layer4.1.conv1.conv1.bias,True
2023-03-28 23:05:03,765 - __main__ - INFO - layer4.1.conv1.bn1.weight,True
2023-03-28 23:05:03,765 - __main__ - INFO - layer4.1.conv1.bn1.bias,True
2023-03-28 23:05:03,765 - __main__ - INFO - layer4.1.conv1.conv_h.weight,True
2023-03-28 23:05:03,765 - __main__ - INFO - layer4.1.conv1.conv_h.bias,True
2023-03-28 23:05:03,765 - __main__ - INFO - layer4.1.conv1.conv_w.weight,True
2023-03-28 23:05:03,765 - __main__ - INFO - layer4.1.conv1.conv_w.bias,True
2023-03-28 23:05:03,765 - __main__ - INFO - layer4.1.conv1.conv.0.weight,True
2023-03-28 23:05:03,765 - __main__ - INFO - layer4.1.conv1.conv.0.bias,True
2023-03-28 23:05:03,765 - __main__ - INFO - layer4.1.bn1.weight,True
2023-03-28 23:05:03,765 - __main__ - INFO - layer4.1.bn1.bias,True
2023-03-28 23:05:03,765 - __main__ - INFO - layer4.1.conv2.weight,True
2023-03-28 23:05:03,765 - __main__ - INFO - layer4.1.bn2.weight,True
2023-03-28 23:05:03,765 - __main__ - INFO - layer4.1.bn2.bias,True
2023-03-28 23:05:03,765 - __main__ - INFO - fc.weight,True
2023-03-28 23:05:03,765 - __main__ - INFO - fc.bias,True
2023-03-28 23:05:03,901 - __main__ - INFO - start only evaluating
2023-03-28 23:05:03,901 - __main__ - INFO - start resuming model from F:\class-test\models\RFACA\resnet18\models\latest.pth
2023-03-28 23:07:15,919 - __main__ - INFO - epoch 100, top1 acc: 72.01%, top5 acc: 90.64%, throughput: 190.35sample/s
