2023-03-28 22:33:30,648 - __main__ - INFO - use 1 gpus
2023-03-28 22:33:30,648 - __main__ - INFO - args: Namespace(accumulation_steps=1, batch_size=32, checkpoints='./models/RFA/resnet18', epochs=100, evaluate='F:\\class-test\\models\\our\\resnet18\\models\\latest.pth', input_image_size=224, log='./log/RFA/resnet18', lr=0.1, milestones=[30, 60, 90], momentum=0.9, network='RFAresnet18', num_classes=1000, num_workers=8, pretrained=False, print_interval=3000, resume='./checkpoints/latest.pth', seed=0, weight_decay=0.0001)
2023-03-28 22:33:30,648 - __main__ - INFO - start loading data
2023-03-28 22:33:30,649 - __main__ - INFO - finish loading data
2023-03-28 22:33:30,649 - __main__ - INFO - creating model 'RFAresnet18'
2023-03-28 22:33:30,958 - __main__ - INFO - model: 'RFAresnet18', flops: 1.908G, params: 11.850M
2023-03-28 22:33:30,958 - __main__ - INFO - conv1.weight,True
2023-03-28 22:33:30,958 - __main__ - INFO - bn1.weight,True
2023-03-28 22:33:30,958 - __main__ - INFO - bn1.bias,True
2023-03-28 22:33:30,958 - __main__ - INFO - layer1.0.conv1.get_weight.1.weight,True
2023-03-28 22:33:30,958 - __main__ - INFO - layer1.0.conv1.generate_feature.0.weight,True
2023-03-28 22:33:30,958 - __main__ - INFO - layer1.0.conv1.generate_feature.1.weight,True
2023-03-28 22:33:30,958 - __main__ - INFO - layer1.0.conv1.generate_feature.1.bias,True
2023-03-28 22:33:30,958 - __main__ - INFO - layer1.0.conv1.conv.0.weight,True
2023-03-28 22:33:30,958 - __main__ - INFO - layer1.0.conv1.conv.0.bias,True
2023-03-28 22:33:30,958 - __main__ - INFO - layer1.0.bn1.weight,True
2023-03-28 22:33:30,958 - __main__ - INFO - layer1.0.bn1.bias,True
2023-03-28 22:33:30,958 - __main__ - INFO - layer1.0.conv2.weight,True
2023-03-28 22:33:30,958 - __main__ - INFO - layer1.0.bn2.weight,True
2023-03-28 22:33:30,958 - __main__ - INFO - layer1.0.bn2.bias,True
2023-03-28 22:33:30,959 - __main__ - INFO - layer1.1.conv1.get_weight.1.weight,True
2023-03-28 22:33:30,959 - __main__ - INFO - layer1.1.conv1.generate_feature.0.weight,True
2023-03-28 22:33:30,959 - __main__ - INFO - layer1.1.conv1.generate_feature.1.weight,True
2023-03-28 22:33:30,959 - __main__ - INFO - layer1.1.conv1.generate_feature.1.bias,True
2023-03-28 22:33:30,959 - __main__ - INFO - layer1.1.conv1.conv.0.weight,True
2023-03-28 22:33:30,959 - __main__ - INFO - layer1.1.conv1.conv.0.bias,True
2023-03-28 22:33:30,959 - __main__ - INFO - layer1.1.bn1.weight,True
2023-03-28 22:33:30,959 - __main__ - INFO - layer1.1.bn1.bias,True
2023-03-28 22:33:30,959 - __main__ - INFO - layer1.1.conv2.weight,True
2023-03-28 22:33:30,959 - __main__ - INFO - layer1.1.bn2.weight,True
2023-03-28 22:33:30,959 - __main__ - INFO - layer1.1.bn2.bias,True
2023-03-28 22:33:30,959 - __main__ - INFO - layer2.0.conv1.get_weight.1.weight,True
2023-03-28 22:33:30,959 - __main__ - INFO - layer2.0.conv1.generate_feature.0.weight,True
2023-03-28 22:33:30,959 - __main__ - INFO - layer2.0.conv1.generate_feature.1.weight,True
2023-03-28 22:33:30,959 - __main__ - INFO - layer2.0.conv1.generate_feature.1.bias,True
2023-03-28 22:33:30,959 - __main__ - INFO - layer2.0.conv1.conv.0.weight,True
2023-03-28 22:33:30,959 - __main__ - INFO - layer2.0.conv1.conv.0.bias,True
2023-03-28 22:33:30,959 - __main__ - INFO - layer2.0.bn1.weight,True
2023-03-28 22:33:30,959 - __main__ - INFO - layer2.0.bn1.bias,True
2023-03-28 22:33:30,959 - __main__ - INFO - layer2.0.conv2.weight,True
2023-03-28 22:33:30,960 - __main__ - INFO - layer2.0.bn2.weight,True
2023-03-28 22:33:30,960 - __main__ - INFO - layer2.0.bn2.bias,True
2023-03-28 22:33:30,960 - __main__ - INFO - layer2.0.downsample.0.weight,True
2023-03-28 22:33:30,960 - __main__ - INFO - layer2.0.downsample.1.weight,True
2023-03-28 22:33:30,960 - __main__ - INFO - layer2.0.downsample.1.bias,True
2023-03-28 22:33:30,960 - __main__ - INFO - layer2.1.conv1.get_weight.1.weight,True
2023-03-28 22:33:30,960 - __main__ - INFO - layer2.1.conv1.generate_feature.0.weight,True
2023-03-28 22:33:30,960 - __main__ - INFO - layer2.1.conv1.generate_feature.1.weight,True
2023-03-28 22:33:30,960 - __main__ - INFO - layer2.1.conv1.generate_feature.1.bias,True
2023-03-28 22:33:30,960 - __main__ - INFO - layer2.1.conv1.conv.0.weight,True
2023-03-28 22:33:30,960 - __main__ - INFO - layer2.1.conv1.conv.0.bias,True
2023-03-28 22:33:30,960 - __main__ - INFO - layer2.1.bn1.weight,True
2023-03-28 22:33:30,960 - __main__ - INFO - layer2.1.bn1.bias,True
2023-03-28 22:33:30,960 - __main__ - INFO - layer2.1.conv2.weight,True
2023-03-28 22:33:30,960 - __main__ - INFO - layer2.1.bn2.weight,True
2023-03-28 22:33:30,960 - __main__ - INFO - layer2.1.bn2.bias,True
2023-03-28 22:33:30,960 - __main__ - INFO - layer3.0.conv1.get_weight.1.weight,True
2023-03-28 22:33:30,960 - __main__ - INFO - layer3.0.conv1.generate_feature.0.weight,True
2023-03-28 22:33:30,961 - __main__ - INFO - layer3.0.conv1.generate_feature.1.weight,True
2023-03-28 22:33:30,961 - __main__ - INFO - layer3.0.conv1.generate_feature.1.bias,True
2023-03-28 22:33:30,961 - __main__ - INFO - layer3.0.conv1.conv.0.weight,True
2023-03-28 22:33:30,961 - __main__ - INFO - layer3.0.conv1.conv.0.bias,True
2023-03-28 22:33:30,961 - __main__ - INFO - layer3.0.bn1.weight,True
2023-03-28 22:33:30,961 - __main__ - INFO - layer3.0.bn1.bias,True
2023-03-28 22:33:30,961 - __main__ - INFO - layer3.0.conv2.weight,True
2023-03-28 22:33:30,961 - __main__ - INFO - layer3.0.bn2.weight,True
2023-03-28 22:33:30,961 - __main__ - INFO - layer3.0.bn2.bias,True
2023-03-28 22:33:30,961 - __main__ - INFO - layer3.0.downsample.0.weight,True
2023-03-28 22:33:30,961 - __main__ - INFO - layer3.0.downsample.1.weight,True
2023-03-28 22:33:30,961 - __main__ - INFO - layer3.0.downsample.1.bias,True
2023-03-28 22:33:30,961 - __main__ - INFO - layer3.1.conv1.get_weight.1.weight,True
2023-03-28 22:33:30,961 - __main__ - INFO - layer3.1.conv1.generate_feature.0.weight,True
2023-03-28 22:33:30,961 - __main__ - INFO - layer3.1.conv1.generate_feature.1.weight,True
2023-03-28 22:33:30,961 - __main__ - INFO - layer3.1.conv1.generate_feature.1.bias,True
2023-03-28 22:33:30,961 - __main__ - INFO - layer3.1.conv1.conv.0.weight,True
2023-03-28 22:33:30,961 - __main__ - INFO - layer3.1.conv1.conv.0.bias,True
2023-03-28 22:33:30,961 - __main__ - INFO - layer3.1.bn1.weight,True
2023-03-28 22:33:30,961 - __main__ - INFO - layer3.1.bn1.bias,True
2023-03-28 22:33:30,961 - __main__ - INFO - layer3.1.conv2.weight,True
2023-03-28 22:33:30,962 - __main__ - INFO - layer3.1.bn2.weight,True
2023-03-28 22:33:30,962 - __main__ - INFO - layer3.1.bn2.bias,True
2023-03-28 22:33:30,962 - __main__ - INFO - layer4.0.conv1.get_weight.1.weight,True
2023-03-28 22:33:30,962 - __main__ - INFO - layer4.0.conv1.generate_feature.0.weight,True
2023-03-28 22:33:30,962 - __main__ - INFO - layer4.0.conv1.generate_feature.1.weight,True
2023-03-28 22:33:30,962 - __main__ - INFO - layer4.0.conv1.generate_feature.1.bias,True
2023-03-28 22:33:30,962 - __main__ - INFO - layer4.0.conv1.conv.0.weight,True
2023-03-28 22:33:30,962 - __main__ - INFO - layer4.0.conv1.conv.0.bias,True
2023-03-28 22:33:30,962 - __main__ - INFO - layer4.0.bn1.weight,True
2023-03-28 22:33:30,962 - __main__ - INFO - layer4.0.bn1.bias,True
2023-03-28 22:33:30,962 - __main__ - INFO - layer4.0.conv2.weight,True
2023-03-28 22:33:30,962 - __main__ - INFO - layer4.0.bn2.weight,True
2023-03-28 22:33:30,962 - __main__ - INFO - layer4.0.bn2.bias,True
2023-03-28 22:33:30,962 - __main__ - INFO - layer4.0.downsample.0.weight,True
2023-03-28 22:33:30,962 - __main__ - INFO - layer4.0.downsample.1.weight,True
2023-03-28 22:33:30,962 - __main__ - INFO - layer4.0.downsample.1.bias,True
2023-03-28 22:33:30,962 - __main__ - INFO - layer4.1.conv1.get_weight.1.weight,True
2023-03-28 22:33:30,962 - __main__ - INFO - layer4.1.conv1.generate_feature.0.weight,True
2023-03-28 22:33:30,962 - __main__ - INFO - layer4.1.conv1.generate_feature.1.weight,True
2023-03-28 22:33:30,962 - __main__ - INFO - layer4.1.conv1.generate_feature.1.bias,True
2023-03-28 22:33:30,963 - __main__ - INFO - layer4.1.conv1.conv.0.weight,True
2023-03-28 22:33:30,963 - __main__ - INFO - layer4.1.conv1.conv.0.bias,True
2023-03-28 22:33:30,963 - __main__ - INFO - layer4.1.bn1.weight,True
2023-03-28 22:33:30,963 - __main__ - INFO - layer4.1.bn1.bias,True
2023-03-28 22:33:30,963 - __main__ - INFO - layer4.1.conv2.weight,True
2023-03-28 22:33:30,963 - __main__ - INFO - layer4.1.bn2.weight,True
2023-03-28 22:33:30,963 - __main__ - INFO - layer4.1.bn2.bias,True
2023-03-28 22:33:30,963 - __main__ - INFO - fc.weight,True
2023-03-28 22:33:30,963 - __main__ - INFO - fc.bias,True
2023-03-28 22:33:31,099 - __main__ - INFO - start only evaluating
2023-03-28 22:33:31,099 - __main__ - INFO - start resuming model from F:\class-test\models\our\resnet18\models\latest.pth
2023-03-28 22:35:38,695 - __main__ - INFO - epoch 100, top1 acc: 71.23%, top5 acc: 90.29%, throughput: 196.92sample/s
