2023-03-28 23:10:56,769 - __main__ - INFO - use 1 gpus
2023-03-28 23:10:56,769 - __main__ - INFO - args: Namespace(accumulation_steps=1, batch_size=32, checkpoints='./models/RFACBAM/resnet18', epochs=100, evaluate='F:\\class-test\\models\\CBAM2\\resnet18\\models\\latest.pth', input_image_size=224, log='./log/RFACBAM/resnet18', lr=0.1, milestones=[30, 60, 90], momentum=0.9, network='RFACBAMresnet18', num_classes=1000, num_workers=8, pretrained=False, print_interval=3000, resume='./checkpoints/latest.pth', seed=0, weight_decay=0.0001)
2023-03-28 23:10:56,769 - __main__ - INFO - start loading data
2023-03-28 23:10:56,769 - __main__ - INFO - finish loading data
2023-03-28 23:10:56,769 - __main__ - INFO - creating model 'RFACBAMresnet18'
2023-03-28 23:10:57,067 - __main__ - INFO - model: 'RFACBAMresnet18', flops: 1.904G, params: 11.884M
2023-03-28 23:10:57,067 - __main__ - INFO - conv1.weight,True
2023-03-28 23:10:57,067 - __main__ - INFO - bn1.weight,True
2023-03-28 23:10:57,067 - __main__ - INFO - bn1.bias,True
2023-03-28 23:10:57,067 - __main__ - INFO - layer1.0.conv1.generate.0.weight,True
2023-03-28 23:10:57,067 - __main__ - INFO - layer1.0.conv1.generate.1.weight,True
2023-03-28 23:10:57,067 - __main__ - INFO - layer1.0.conv1.generate.1.bias,True
2023-03-28 23:10:57,067 - __main__ - INFO - layer1.0.conv1.get_weight.0.weight,True
2023-03-28 23:10:57,067 - __main__ - INFO - layer1.0.conv1.cam.fc.0.weight,True
2023-03-28 23:10:57,067 - __main__ - INFO - layer1.0.conv1.cam.fc.2.weight,True
2023-03-28 23:10:57,067 - __main__ - INFO - layer1.0.conv1.conv.0.weight,True
2023-03-28 23:10:57,067 - __main__ - INFO - layer1.0.conv1.conv.0.bias,True
2023-03-28 23:10:57,067 - __main__ - INFO - layer1.0.bn1.weight,True
2023-03-28 23:10:57,067 - __main__ - INFO - layer1.0.bn1.bias,True
2023-03-28 23:10:57,068 - __main__ - INFO - layer1.0.conv2.weight,True
2023-03-28 23:10:57,068 - __main__ - INFO - layer1.0.bn2.weight,True
2023-03-28 23:10:57,068 - __main__ - INFO - layer1.0.bn2.bias,True
2023-03-28 23:10:57,068 - __main__ - INFO - layer1.1.conv1.generate.0.weight,True
2023-03-28 23:10:57,068 - __main__ - INFO - layer1.1.conv1.generate.1.weight,True
2023-03-28 23:10:57,068 - __main__ - INFO - layer1.1.conv1.generate.1.bias,True
2023-03-28 23:10:57,068 - __main__ - INFO - layer1.1.conv1.get_weight.0.weight,True
2023-03-28 23:10:57,068 - __main__ - INFO - layer1.1.conv1.cam.fc.0.weight,True
2023-03-28 23:10:57,068 - __main__ - INFO - layer1.1.conv1.cam.fc.2.weight,True
2023-03-28 23:10:57,068 - __main__ - INFO - layer1.1.conv1.conv.0.weight,True
2023-03-28 23:10:57,068 - __main__ - INFO - layer1.1.conv1.conv.0.bias,True
2023-03-28 23:10:57,068 - __main__ - INFO - layer1.1.bn1.weight,True
2023-03-28 23:10:57,068 - __main__ - INFO - layer1.1.bn1.bias,True
2023-03-28 23:10:57,068 - __main__ - INFO - layer1.1.conv2.weight,True
2023-03-28 23:10:57,068 - __main__ - INFO - layer1.1.bn2.weight,True
2023-03-28 23:10:57,068 - __main__ - INFO - layer1.1.bn2.bias,True
2023-03-28 23:10:57,068 - __main__ - INFO - layer2.0.conv1.generate.0.weight,True
2023-03-28 23:10:57,068 - __main__ - INFO - layer2.0.conv1.generate.1.weight,True
2023-03-28 23:10:57,068 - __main__ - INFO - layer2.0.conv1.generate.1.bias,True
2023-03-28 23:10:57,068 - __main__ - INFO - layer2.0.conv1.get_weight.0.weight,True
2023-03-28 23:10:57,068 - __main__ - INFO - layer2.0.conv1.cam.fc.0.weight,True
2023-03-28 23:10:57,068 - __main__ - INFO - layer2.0.conv1.cam.fc.2.weight,True
2023-03-28 23:10:57,068 - __main__ - INFO - layer2.0.conv1.conv.0.weight,True
2023-03-28 23:10:57,068 - __main__ - INFO - layer2.0.conv1.conv.0.bias,True
2023-03-28 23:10:57,068 - __main__ - INFO - layer2.0.bn1.weight,True
2023-03-28 23:10:57,068 - __main__ - INFO - layer2.0.bn1.bias,True
2023-03-28 23:10:57,068 - __main__ - INFO - layer2.0.conv2.weight,True
2023-03-28 23:10:57,068 - __main__ - INFO - layer2.0.bn2.weight,True
2023-03-28 23:10:57,068 - __main__ - INFO - layer2.0.bn2.bias,True
2023-03-28 23:10:57,069 - __main__ - INFO - layer2.0.downsample.0.weight,True
2023-03-28 23:10:57,069 - __main__ - INFO - layer2.0.downsample.1.weight,True
2023-03-28 23:10:57,069 - __main__ - INFO - layer2.0.downsample.1.bias,True
2023-03-28 23:10:57,069 - __main__ - INFO - layer2.1.conv1.generate.0.weight,True
2023-03-28 23:10:57,069 - __main__ - INFO - layer2.1.conv1.generate.1.weight,True
2023-03-28 23:10:57,069 - __main__ - INFO - layer2.1.conv1.generate.1.bias,True
2023-03-28 23:10:57,069 - __main__ - INFO - layer2.1.conv1.get_weight.0.weight,True
2023-03-28 23:10:57,069 - __main__ - INFO - layer2.1.conv1.cam.fc.0.weight,True
2023-03-28 23:10:57,069 - __main__ - INFO - layer2.1.conv1.cam.fc.2.weight,True
2023-03-28 23:10:57,069 - __main__ - INFO - layer2.1.conv1.conv.0.weight,True
2023-03-28 23:10:57,069 - __main__ - INFO - layer2.1.conv1.conv.0.bias,True
2023-03-28 23:10:57,069 - __main__ - INFO - layer2.1.bn1.weight,True
2023-03-28 23:10:57,069 - __main__ - INFO - layer2.1.bn1.bias,True
2023-03-28 23:10:57,069 - __main__ - INFO - layer2.1.conv2.weight,True
2023-03-28 23:10:57,069 - __main__ - INFO - layer2.1.bn2.weight,True
2023-03-28 23:10:57,069 - __main__ - INFO - layer2.1.bn2.bias,True
2023-03-28 23:10:57,069 - __main__ - INFO - layer3.0.conv1.generate.0.weight,True
2023-03-28 23:10:57,069 - __main__ - INFO - layer3.0.conv1.generate.1.weight,True
2023-03-28 23:10:57,069 - __main__ - INFO - layer3.0.conv1.generate.1.bias,True
2023-03-28 23:10:57,069 - __main__ - INFO - layer3.0.conv1.get_weight.0.weight,True
2023-03-28 23:10:57,069 - __main__ - INFO - layer3.0.conv1.cam.fc.0.weight,True
2023-03-28 23:10:57,069 - __main__ - INFO - layer3.0.conv1.cam.fc.2.weight,True
2023-03-28 23:10:57,069 - __main__ - INFO - layer3.0.conv1.conv.0.weight,True
2023-03-28 23:10:57,069 - __main__ - INFO - layer3.0.conv1.conv.0.bias,True
2023-03-28 23:10:57,069 - __main__ - INFO - layer3.0.bn1.weight,True
2023-03-28 23:10:57,069 - __main__ - INFO - layer3.0.bn1.bias,True
2023-03-28 23:10:57,070 - __main__ - INFO - layer3.0.conv2.weight,True
2023-03-28 23:10:57,070 - __main__ - INFO - layer3.0.bn2.weight,True
2023-03-28 23:10:57,070 - __main__ - INFO - layer3.0.bn2.bias,True
2023-03-28 23:10:57,070 - __main__ - INFO - layer3.0.downsample.0.weight,True
2023-03-28 23:10:57,070 - __main__ - INFO - layer3.0.downsample.1.weight,True
2023-03-28 23:10:57,070 - __main__ - INFO - layer3.0.downsample.1.bias,True
2023-03-28 23:10:57,070 - __main__ - INFO - layer3.1.conv1.generate.0.weight,True
2023-03-28 23:10:57,070 - __main__ - INFO - layer3.1.conv1.generate.1.weight,True
2023-03-28 23:10:57,070 - __main__ - INFO - layer3.1.conv1.generate.1.bias,True
2023-03-28 23:10:57,070 - __main__ - INFO - layer3.1.conv1.get_weight.0.weight,True
2023-03-28 23:10:57,070 - __main__ - INFO - layer3.1.conv1.cam.fc.0.weight,True
2023-03-28 23:10:57,070 - __main__ - INFO - layer3.1.conv1.cam.fc.2.weight,True
2023-03-28 23:10:57,070 - __main__ - INFO - layer3.1.conv1.conv.0.weight,True
2023-03-28 23:10:57,070 - __main__ - INFO - layer3.1.conv1.conv.0.bias,True
2023-03-28 23:10:57,070 - __main__ - INFO - layer3.1.bn1.weight,True
2023-03-28 23:10:57,070 - __main__ - INFO - layer3.1.bn1.bias,True
2023-03-28 23:10:57,070 - __main__ - INFO - layer3.1.conv2.weight,True
2023-03-28 23:10:57,070 - __main__ - INFO - layer3.1.bn2.weight,True
2023-03-28 23:10:57,070 - __main__ - INFO - layer3.1.bn2.bias,True
2023-03-28 23:10:57,070 - __main__ - INFO - layer4.0.conv1.generate.0.weight,True
2023-03-28 23:10:57,070 - __main__ - INFO - layer4.0.conv1.generate.1.weight,True
2023-03-28 23:10:57,070 - __main__ - INFO - layer4.0.conv1.generate.1.bias,True
2023-03-28 23:10:57,070 - __main__ - INFO - layer4.0.conv1.get_weight.0.weight,True
2023-03-28 23:10:57,070 - __main__ - INFO - layer4.0.conv1.cam.fc.0.weight,True
2023-03-28 23:10:57,070 - __main__ - INFO - layer4.0.conv1.cam.fc.2.weight,True
2023-03-28 23:10:57,070 - __main__ - INFO - layer4.0.conv1.conv.0.weight,True
2023-03-28 23:10:57,070 - __main__ - INFO - layer4.0.conv1.conv.0.bias,True
2023-03-28 23:10:57,070 - __main__ - INFO - layer4.0.bn1.weight,True
2023-03-28 23:10:57,070 - __main__ - INFO - layer4.0.bn1.bias,True
2023-03-28 23:10:57,070 - __main__ - INFO - layer4.0.conv2.weight,True
2023-03-28 23:10:57,071 - __main__ - INFO - layer4.0.bn2.weight,True
2023-03-28 23:10:57,071 - __main__ - INFO - layer4.0.bn2.bias,True
2023-03-28 23:10:57,071 - __main__ - INFO - layer4.0.downsample.0.weight,True
2023-03-28 23:10:57,071 - __main__ - INFO - layer4.0.downsample.1.weight,True
2023-03-28 23:10:57,071 - __main__ - INFO - layer4.0.downsample.1.bias,True
2023-03-28 23:10:57,071 - __main__ - INFO - layer4.1.conv1.generate.0.weight,True
2023-03-28 23:10:57,071 - __main__ - INFO - layer4.1.conv1.generate.1.weight,True
2023-03-28 23:10:57,071 - __main__ - INFO - layer4.1.conv1.generate.1.bias,True
2023-03-28 23:10:57,071 - __main__ - INFO - layer4.1.conv1.get_weight.0.weight,True
2023-03-28 23:10:57,071 - __main__ - INFO - layer4.1.conv1.cam.fc.0.weight,True
2023-03-28 23:10:57,071 - __main__ - INFO - layer4.1.conv1.cam.fc.2.weight,True
2023-03-28 23:10:57,071 - __main__ - INFO - layer4.1.conv1.conv.0.weight,True
2023-03-28 23:10:57,071 - __main__ - INFO - layer4.1.conv1.conv.0.bias,True
2023-03-28 23:10:57,071 - __main__ - INFO - layer4.1.bn1.weight,True
2023-03-28 23:10:57,071 - __main__ - INFO - layer4.1.bn1.bias,True
2023-03-28 23:10:57,071 - __main__ - INFO - layer4.1.conv2.weight,True
2023-03-28 23:10:57,071 - __main__ - INFO - layer4.1.bn2.weight,True
2023-03-28 23:10:57,071 - __main__ - INFO - layer4.1.bn2.bias,True
2023-03-28 23:10:57,071 - __main__ - INFO - fc.weight,True
2023-03-28 23:10:57,072 - __main__ - INFO - fc.bias,True
2023-03-28 23:10:57,207 - __main__ - INFO - start only evaluating
2023-03-28 23:10:57,207 - __main__ - INFO - start resuming model from F:\class-test\models\CBAM2\resnet18\models\latest.pth
2023-03-28 23:13:03,518 - __main__ - INFO - epoch 100, top1 acc: 72.15%, top5 acc: 90.71%, throughput: 199.07sample/s
